{"meta": {"format": 3, "version": "7.11.0", "timestamp": "2026-03-18T18:15:14.656152", "branch_coverage": false, "show_contexts": false}, "files": {"src/neurodent/__init__.py": {"executed_lines": [1, 3, 5, 6, 7, 8, 9, 10, 11, 13], "summary": {"covered_lines": 9, "num_statements": 9, "percent_covered": 100.0, "percent_covered_display": "100", "missing_lines": 0, "excluded_lines": 0}, "missing_lines": [], "excluded_lines": [], "functions": {"": {"executed_lines": [1, 3, 5, 6, 7, 8, 9, 10, 11, 13], "summary": {"covered_lines": 9, "num_statements": 9, "percent_covered": 100.0, "percent_covered_display": "100", "missing_lines": 0, "excluded_lines": 0}, "missing_lines": [], "excluded_lines": []}}, "classes": {"": {"executed_lines": [1, 3, 5, 6, 7, 8, 9, 10, 11, 13], "summary": {"covered_lines": 9, "num_statements": 9, "percent_covered": 100.0, "percent_covered_display": "100", "missing_lines": 0, "excluded_lines": 0}, "missing_lines": [], "excluded_lines": []}}}, "src/neurodent/constants/__init__.py": {"executed_lines": [1, 47, 61, 63, 83, 88, 94], "summary": {"covered_lines": 6, "num_statements": 6, "percent_covered": 100.0, "percent_covered_display": "100", "missing_lines": 0, "excluded_lines": 0}, "missing_lines": [], "excluded_lines": [], "functions": {"": {"executed_lines": [1, 47, 61, 63, 83, 88, 94], "summary": {"covered_lines": 6, "num_statements": 6, "percent_covered": 100.0, "percent_covered_display": "100", "missing_lines": 0, "excluded_lines": 0}, "missing_lines": [], "excluded_lines": []}}, "classes": {"": {"executed_lines": [1, 47, 61, 63, 83, 88, 94], "summary": {"covered_lines": 6, "num_statements": 6, "percent_covered": 100.0, "percent_covered_display": "100", "missing_lines": 0, "excluded_lines": 0}, "missing_lines": [], "excluded_lines": []}}}, "src/neurodent/constants/analysis.py": {"executed_lines": [1, 4, 5, 23, 24, 26, 27, 29, 30, 32, 33, 35, 36, 38, 39, 43, 44, 46, 48, 49, 51, 53, 54, 56, 59, 69, 71, 72, 74, 75, 77, 78, 80, 81, 83, 84, 87, 88, 90, 91, 93, 94, 100, 108, 111, 123, 124, 125, 126, 131, 138, 144, 145, 147, 148, 150, 151, 153, 154], "summary": {"covered_lines": 58, "num_statements": 58, "percent_covered": 100.0, "percent_covered_display": "100", "missing_lines": 0, "excluded_lines": 0}, "missing_lines": [], "excluded_lines": [], "functions": {"FeatureType.is_linear": {"executed_lines": [46], "summary": {"covered_lines": 1, "num_statements": 1, "percent_covered": 100.0, "percent_covered_display": "100", "missing_lines": 0, "excluded_lines": 0}, "missing_lines": [], "excluded_lines": []}, "FeatureType.is_matrix": {"executed_lines": [51], "summary": {"covered_lines": 1, "num_statements": 1, "percent_covered": 100.0, "percent_covered_display": "100", "missing_lines": 0, "excluded_lines": 0}, "missing_lines": [], "excluded_lines": []}, "FeatureType.is_dict_stored": {"executed_lines": [56], "summary": {"covered_lines": 1, "num_statements": 1, "percent_covered": 100.0, "percent_covered_display": "100", "missing_lines": 0, "excluded_lines": 0}, "missing_lines": [], "excluded_lines": []}, "classify_feature": {"executed_lines": [123, 124, 125, 126], "summary": {"covered_lines": 4, "num_statements": 4, "percent_covered": 100.0, "percent_covered_display": "100", "missing_lines": 0, "excluded_lines": 0}, "missing_lines": [], "excluded_lines": []}, "": {"executed_lines": [1, 4, 5, 23, 24, 26, 27, 29, 30, 32, 33, 35, 36, 38, 39, 43, 44, 48, 49, 53, 54, 59, 69, 71, 72, 74, 75, 77, 78, 80, 81, 83, 84, 87, 88, 90, 91, 93, 94, 100, 108, 111, 131, 138, 144, 145, 147, 148, 150, 151, 153, 154], "summary": {"covered_lines": 51, "num_statements": 51, "percent_covered": 100.0, "percent_covered_display": "100", "missing_lines": 0, "excluded_lines": 0}, "missing_lines": [], "excluded_lines": []}}, "classes": {"FeatureType": {"executed_lines": [46, 51, 56], "summary": {"covered_lines": 3, "num_statements": 3, "percent_covered": 100.0, "percent_covered_display": "100", "missing_lines": 0, "excluded_lines": 0}, "missing_lines": [], "excluded_lines": []}, "": {"executed_lines": [1, 4, 5, 23, 24, 26, 27, 29, 30, 32, 33, 35, 36, 38, 39, 43, 44, 48, 49, 53, 54, 59, 69, 71, 72, 74, 75, 77, 78, 80, 81, 83, 84, 87, 88, 90, 91, 93, 94, 100, 108, 111, 123, 124, 125, 126, 131, 138, 144, 145, 147, 148, 150, 151, 153, 154], "summary": {"covered_lines": 55, "num_statements": 55, "percent_covered": 100.0, "percent_covered_display": "100", "missing_lines": 0, "excluded_lines": 0}, "missing_lines": [], "excluded_lines": []}}}, "src/neurodent/constants/config.py": {"executed_lines": [1, 6, 8, 9, 11, 12, 14, 15], "summary": {"covered_lines": 7, "num_statements": 7, "percent_covered": 100.0, "percent_covered_display": "100", "missing_lines": 0, "excluded_lines": 0}, "missing_lines": [], "excluded_lines": [], "functions": {"": {"executed_lines": [1, 6, 8, 9, 11, 12, 14, 15], "summary": {"covered_lines": 7, "num_statements": 7, "percent_covered": 100.0, "percent_covered_display": "100", "missing_lines": 0, "excluded_lines": 0}, "missing_lines": [], "excluded_lines": []}}, "classes": {"": {"executed_lines": [1, 6, 8, 9, 11, 12, 14, 15], "summary": {"covered_lines": 7, "num_statements": 7, "percent_covered": 100.0, "percent_covered_display": "100", "missing_lines": 0, "excluded_lines": 0}, "missing_lines": [], "excluded_lines": []}}}, "src/neurodent/constants/mappings.py": {"executed_lines": [1, 6, 8, 20, 22, 23, 25, 32, 34, 38, 40, 52, 54, 61, 63, 69, 71, 72, 74, 100], "summary": {"covered_lines": 19, "num_statements": 19, "percent_covered": 100.0, "percent_covered_display": "100", "missing_lines": 0, "excluded_lines": 0}, "missing_lines": [], "excluded_lines": [], "functions": {"": {"executed_lines": [1, 6, 8, 20, 22, 23, 25, 32, 34, 38, 40, 52, 54, 61, 63, 69, 71, 72, 74, 100], "summary": {"covered_lines": 19, "num_statements": 19, "percent_covered": 100.0, "percent_covered_display": "100", "missing_lines": 0, "excluded_lines": 0}, "missing_lines": [], "excluded_lines": []}}, "classes": {"": {"executed_lines": [1, 6, 8, 20, 22, 23, 25, 32, 34, 38, 40, 52, 54, 61, 63, 69, 71, 72, 74, 100], "summary": {"covered_lines": 19, "num_statements": 19, "percent_covered": 100.0, "percent_covered_display": "100", "missing_lines": 0, "excluded_lines": 0}, "missing_lines": [], "excluded_lines": []}}}, "src/neurodent/constants/plotting.py": {"executed_lines": [1, 6, 21, 23, 33], "summary": {"covered_lines": 4, "num_statements": 4, "percent_covered": 100.0, "percent_covered_display": "100", "missing_lines": 0, "excluded_lines": 0}, "missing_lines": [], "excluded_lines": [], "functions": {"": {"executed_lines": [1, 6, 21, 23, 33], "summary": {"covered_lines": 4, "num_statements": 4, "percent_covered": 100.0, "percent_covered_display": "100", "missing_lines": 0, "excluded_lines": 0}, "missing_lines": [], "excluded_lines": []}}, "classes": {"": {"executed_lines": [1, 6, 21, 23, 33], "summary": {"covered_lines": 4, "num_statements": 4, "percent_covered": 100.0, "percent_covered_display": "100", "missing_lines": 0, "excluded_lines": 0}, "missing_lines": [], "excluded_lines": []}}}, "src/neurodent/core/__init__.py": {"executed_lines": [1, 55, 56, 59, 60, 63, 71, 72, 73, 74, 88, 94, 95, 97], "summary": {"covered_lines": 13, "num_statements": 13, "percent_covered": 100.0, "percent_covered_display": "100", "missing_lines": 0, "excluded_lines": 0}, "missing_lines": [], "excluded_lines": [], "functions": {"": {"executed_lines": [1, 55, 56, 59, 60, 63, 71, 72, 73, 74, 88, 94, 95, 97], "summary": {"covered_lines": 13, "num_statements": 13, "percent_covered": 100.0, "percent_covered_display": "100", "missing_lines": 0, "excluded_lines": 0}, "missing_lines": [], "excluded_lines": []}}, "classes": {"": {"executed_lines": [1, 55, 56, 59, 60, 63, 71, 72, 73, 74, 88, 94, 95, 97], "summary": {"covered_lines": 13, "num_statements": 13, "percent_covered": 100.0, "percent_covered_display": "100", "missing_lines": 0, "excluded_lines": 0}, "missing_lines": [], "excluded_lines": []}}}, "src/neurodent/core/analysis.py": {"executed_lines": [1, 3, 5, 6, 7, 13, 14, 15, 19, 20, 23, 25, 26, 29, 30, 48, 54, 56, 57, 58, 59, 60, 61, 62, 63, 65, 74, 77, 79, 81, 84, 86, 88, 98, 99, 100, 101, 107, 118, 119, 121, 122, 123, 124, 125, 126, 128, 137, 138, 140, 142, 143, 145, 154, 155, 157, 159, 160, 162, 178, 180, 189, 190, 193, 194, 196, 198, 220, 222, 232, 242, 244, 254, 275, 277, 287, 297, 299, 309, 320, 322, 333, 344, 346, 357, 378, 380, 390, 399, 400, 401, 405, 407, 419, 420, 433, 441, 442, 446, 447, 448, 450, 451, 452, 456, 457, 458, 462, 470, 471, 475, 476, 477, 479, 480, 481], "summary": {"covered_lines": 115, "num_statements": 118, "percent_covered": 97.45762711864407, "percent_covered_display": "97", "missing_lines": 3, "excluded_lines": 8}, "missing_lines": [75, 82, 105], "excluded_lines": [8, 11, 12, 16, 17, 18, 21, 22], "functions": {"LongRecordingAnalyzer.__init__": {"executed_lines": [54, 56, 57, 58, 59, 60, 61, 62, 63], "summary": {"covered_lines": 9, "num_statements": 9, "percent_covered": 100.0, "percent_covered_display": "100", "missing_lines": 0, "excluded_lines": 0}, "missing_lines": [], "excluded_lines": []}, "LongRecordingAnalyzer.get_fragment_rec": {"executed_lines": [74, 77, 79, 81, 84, 86], "summary": {"covered_lines": 6, "num_statements": 8, "percent_covered": 75.0, "percent_covered_display": "75", "missing_lines": 2, "excluded_lines": 0}, "missing_lines": [75, 82], "excluded_lines": []}, "LongRecordingAnalyzer.get_fragment_np": {"executed_lines": [98, 99, 100, 101], "summary": {"covered_lines": 4, "num_statements": 5, "percent_covered": 80.0, "percent_covered_display": "80", "missing_lines": 1, "excluded_lines": 0}, "missing_lines": [105], "excluded_lines": []}, "LongRecordingAnalyzer.get_fragment_mne": {"executed_lines": [118, 119], "summary": {"covered_lines": 2, "num_statements": 2, "percent_covered": 100.0, "percent_covered_display": "100", "missing_lines": 0, "excluded_lines": 0}, "missing_lines": [], "excluded_lines": []}, "LongRecordingAnalyzer.get_file_end": {"executed_lines": [122, 123, 124, 125, 126], "summary": {"covered_lines": 5, "num_statements": 5, "percent_covered": 100.0, "percent_covered_display": "100", "missing_lines": 0, "excluded_lines": 0}, "missing_lines": [], "excluded_lines": []}, "LongRecordingAnalyzer.compute_rms": {"executed_lines": [137, 138], "summary": {"covered_lines": 2, "num_statements": 2, "percent_covered": 100.0, "percent_covered_display": "100", "missing_lines": 0, "excluded_lines": 0}, "missing_lines": [], "excluded_lines": []}, "LongRecordingAnalyzer.compute_logrms": {"executed_lines": [142, 143], "summary": {"covered_lines": 2, "num_statements": 2, "percent_covered": 100.0, "percent_covered_display": "100", "missing_lines": 0, "excluded_lines": 0}, "missing_lines": [], "excluded_lines": []}, "LongRecordingAnalyzer.compute_ampvar": {"executed_lines": [154, 155], "summary": {"covered_lines": 2, "num_statements": 2, "percent_covered": 100.0, "percent_covered_display": "100", "missing_lines": 0, "excluded_lines": 0}, "missing_lines": [], "excluded_lines": []}, "LongRecordingAnalyzer.compute_logampvar": {"executed_lines": [159, 160], "summary": {"covered_lines": 2, "num_statements": 2, "percent_covered": 100.0, "percent_covered_display": "100", "missing_lines": 0, "excluded_lines": 0}, "missing_lines": [], "excluded_lines": []}, "LongRecordingAnalyzer.compute_psd": {"executed_lines": [178, 180, 189, 190, 193, 194, 196], "summary": {"covered_lines": 7, "num_statements": 7, "percent_covered": 100.0, "percent_covered_display": "100", "missing_lines": 0, "excluded_lines": 0}, "missing_lines": [], "excluded_lines": []}, "LongRecordingAnalyzer.compute_psdband": {"executed_lines": [220, 222], "summary": {"covered_lines": 2, "num_statements": 2, "percent_covered": 100.0, "percent_covered_display": "100", "missing_lines": 0, "excluded_lines": 0}, "missing_lines": [], "excluded_lines": []}, "LongRecordingAnalyzer.compute_logpsdband": {"executed_lines": [242, 244], "summary": {"covered_lines": 2, "num_statements": 2, "percent_covered": 100.0, "percent_covered_display": "100", "missing_lines": 0, "excluded_lines": 0}, "missing_lines": [], "excluded_lines": []}, "LongRecordingAnalyzer.compute_psdtotal": {"executed_lines": [275, 277], "summary": {"covered_lines": 2, "num_statements": 2, "percent_covered": 100.0, "percent_covered_display": "100", "missing_lines": 0, "excluded_lines": 0}, "missing_lines": [], "excluded_lines": []}, "LongRecordingAnalyzer.compute_logpsdtotal": {"executed_lines": [297, 299], "summary": {"covered_lines": 2, "num_statements": 2, "percent_covered": 100.0, "percent_covered_display": "100", "missing_lines": 0, "excluded_lines": 0}, "missing_lines": [], "excluded_lines": []}, "LongRecordingAnalyzer.compute_psdfrac": {"executed_lines": [320, 322], "summary": {"covered_lines": 2, "num_statements": 2, "percent_covered": 100.0, "percent_covered_display": "100", "missing_lines": 0, "excluded_lines": 0}, "missing_lines": [], "excluded_lines": []}, "LongRecordingAnalyzer.compute_logpsdfrac": {"executed_lines": [344, 346], "summary": {"covered_lines": 2, "num_statements": 2, "percent_covered": 100.0, "percent_covered_display": "100", "missing_lines": 0, "excluded_lines": 0}, "missing_lines": [], "excluded_lines": []}, "LongRecordingAnalyzer.compute_psdslope": {"executed_lines": [378, 380], "summary": {"covered_lines": 2, "num_statements": 2, "percent_covered": 100.0, "percent_covered_display": "100", "missing_lines": 0, "excluded_lines": 0}, "missing_lines": [], "excluded_lines": []}, "LongRecordingAnalyzer.convert_idx_to_timebound": {"executed_lines": [399, 400, 401, 405], "summary": {"covered_lines": 4, "num_statements": 4, "percent_covered": 100.0, "percent_covered_display": "100", "missing_lines": 0, "excluded_lines": 0}, "missing_lines": [], "excluded_lines": []}, "LongRecordingAnalyzer.compute_cohere": {"executed_lines": [419, 420], "summary": {"covered_lines": 2, "num_statements": 2, "percent_covered": 100.0, "percent_covered_display": "100", "missing_lines": 0, "excluded_lines": 0}, "missing_lines": [], "excluded_lines": []}, "LongRecordingAnalyzer.compute_zcohere": {"executed_lines": [441, 442], "summary": {"covered_lines": 2, "num_statements": 2, "percent_covered": 100.0, "percent_covered_display": "100", "missing_lines": 0, "excluded_lines": 0}, "missing_lines": [], "excluded_lines": []}, "LongRecordingAnalyzer.compute_imcoh": {"executed_lines": [447, 448], "summary": {"covered_lines": 2, "num_statements": 2, "percent_covered": 100.0, "percent_covered_display": "100", "missing_lines": 0, "excluded_lines": 0}, "missing_lines": [], "excluded_lines": []}, "LongRecordingAnalyzer.compute_zimcoh": {"executed_lines": [451, 452], "summary": {"covered_lines": 2, "num_statements": 2, "percent_covered": 100.0, "percent_covered_display": "100", "missing_lines": 0, "excluded_lines": 0}, "missing_lines": [], "excluded_lines": []}, "LongRecordingAnalyzer.compute_pcorr": {"executed_lines": [457, 458], "summary": {"covered_lines": 2, "num_statements": 2, "percent_covered": 100.0, "percent_covered_display": "100", "missing_lines": 0, "excluded_lines": 0}, "missing_lines": [], "excluded_lines": []}, "LongRecordingAnalyzer.compute_zpcorr": {"executed_lines": [470, 471], "summary": {"covered_lines": 2, "num_statements": 2, "percent_covered": 100.0, "percent_covered_display": "100", "missing_lines": 0, "excluded_lines": 0}, "missing_lines": [], "excluded_lines": []}, "LongRecordingAnalyzer.compute_nspike": {"executed_lines": [476, 477], "summary": {"covered_lines": 2, "num_statements": 2, "percent_covered": 100.0, "percent_covered_display": "100", "missing_lines": 0, "excluded_lines": 0}, "missing_lines": [], "excluded_lines": []}, "LongRecordingAnalyzer.compute_lognspike": {"executed_lines": [480, 481], "summary": {"covered_lines": 2, "num_statements": 2, "percent_covered": 100.0, "percent_covered_display": "100", "missing_lines": 0, "excluded_lines": 0}, "missing_lines": [], "excluded_lines": []}, "": {"executed_lines": [1, 3, 5, 6, 7, 13, 14, 15, 19, 20, 23, 25, 26, 29, 30, 48, 65, 88, 107, 121, 128, 140, 145, 157, 162, 198, 232, 254, 287, 309, 333, 357, 390, 407, 433, 446, 450, 456, 462, 475, 479], "summary": {"covered_lines": 40, "num_statements": 40, "percent_covered": 100.0, "percent_covered_display": "100", "missing_lines": 0, "excluded_lines": 8}, "missing_lines": [], "excluded_lines": [8, 11, 12, 16, 17, 18, 21, 22]}}, "classes": {"LongRecordingAnalyzer": {"executed_lines": [54, 56, 57, 58, 59, 60, 61, 62, 63, 74, 77, 79, 81, 84, 86, 98, 99, 100, 101, 118, 119, 122, 123, 124, 125, 126, 137, 138, 142, 143, 154, 155, 159, 160, 178, 180, 189, 190, 193, 194, 196, 220, 222, 242, 244, 275, 277, 297, 299, 320, 322, 344, 346, 378, 380, 399, 400, 401, 405, 419, 420, 441, 442, 447, 448, 451, 452, 457, 458, 470, 471, 476, 477, 480, 481], "summary": {"covered_lines": 75, "num_statements": 78, "percent_covered": 96.15384615384616, "percent_covered_display": "96", "missing_lines": 3, "excluded_lines": 0}, "missing_lines": [75, 82, 105], "excluded_lines": []}, "": {"executed_lines": [1, 3, 5, 6, 7, 13, 14, 15, 19, 20, 23, 25, 26, 29, 30, 48, 65, 88, 107, 121, 128, 140, 145, 157, 162, 198, 232, 254, 287, 309, 333, 357, 390, 407, 433, 446, 450, 456, 462, 475, 479], "summary": {"covered_lines": 40, "num_statements": 40, "percent_covered": 100.0, "percent_covered_display": "100", "missing_lines": 0, "excluded_lines": 8}, "missing_lines": [], "excluded_lines": [8, 11, 12, 16, 17, 18, 21, 22]}}}, "src/neurodent/core/analyze_frag.py": {"executed_lines": [1, 2, 4, 6, 7, 10, 11, 15, 16, 17, 19, 20, 23, 24, 29, 51, 52, 61, 67, 68, 69, 70, 71, 74, 76, 77, 79, 80, 81, 82, 84, 85, 87, 88, 89, 90, 91, 92, 94, 95, 97, 98, 99, 101, 102, 104, 105, 107, 109, 110, 112, 115, 116, 118, 120, 121, 123, 124, 126, 127, 129, 132, 135, 137, 138, 147, 149, 150, 151, 153, 154, 156, 159, 168, 169, 171, 172, 183, 185, 186, 188, 189, 192, 194, 196, 197, 199, 201, 202, 214, 218, 219, 221, 224, 226, 227, 238, 240, 241, 243, 244, 247, 248, 250, 251, 263, 267, 270, 276, 277, 289, 291, 292, 294, 295, 297, 299, 300, 312, 314, 315, 317, 321, 323, 324, 335, 337, 340, 342, 343, 344, 345, 348, 349, 350, 351, 352, 354, 355, 367, 369, 370, 376, 378, 379, 380, 381, 382, 383, 384, 385, 386, 388, 390, 391, 404, 406, 407, 408, 410, 420, 422, 423, 438, 439, 443, 444, 446, 448, 449, 453, 455, 457, 458, 460, 462, 463, 465, 466, 473, 474, 477, 478, 480, 481, 492, 494, 497, 498, 499, 500, 502, 503, 507, 508, 511, 512, 514, 515, 519, 520, 523, 524, 525, 526, 528, 529, 531, 533, 534, 536, 537, 538, 539, 541, 543, 544, 555, 557, 561, 562, 563, 564, 566, 567, 569, 571, 572, 576, 579, 580, 643, 644, 663, 664, 667, 668, 669, 673, 675, 676, 697, 701, 702, 705, 706, 707, 708, 711, 712, 715, 716, 719, 720, 723, 724], "summary": {"covered_lines": 255, "num_statements": 270, "percent_covered": 94.44444444444444, "percent_covered_display": "94", "missing_lines": 15, "excluded_lines": 5}, "missing_lines": [73, 133, 157, 268, 338, 421, 450, 451, 475, 495, 509, 521, 558, 577, 698], "excluded_lines": [8, 9, 12, 13, 14], "functions": {"FragmentAnalyzer._process_fragment_features_dask": {"executed_lines": [61, 67, 68, 69, 70, 71, 74], "summary": {"covered_lines": 7, "num_statements": 8, "percent_covered": 87.5, "percent_covered_display": "88", "missing_lines": 1, "excluded_lines": 0}, "missing_lines": [73], "excluded_lines": []}, "FragmentAnalyzer._check_rec_np": {"executed_lines": [79, 80, 81, 82], "summary": {"covered_lines": 4, "num_statements": 4, "percent_covered": 100.0, "percent_covered_display": "100", "missing_lines": 0, "excluded_lines": 0}, "missing_lines": [], "excluded_lines": []}, "FragmentAnalyzer._check_rec_mne": {"executed_lines": [87, 88, 89, 90, 91, 92], "summary": {"covered_lines": 6, "num_statements": 6, "percent_covered": 100.0, "percent_covered_display": "100", "missing_lines": 0, "excluded_lines": 0}, "missing_lines": [], "excluded_lines": []}, "FragmentAnalyzer._reshape_np_for_mne": {"executed_lines": [97, 98, 99], "summary": {"covered_lines": 3, "num_statements": 3, "percent_covered": 100.0, "percent_covered_display": "100", "missing_lines": 0, "excluded_lines": 0}, "missing_lines": [], "excluded_lines": []}, "FragmentAnalyzer.compute_rms": {"executed_lines": [104, 105, 107], "summary": {"covered_lines": 3, "num_statements": 3, "percent_covered": 100.0, "percent_covered_display": "100", "missing_lines": 0, "excluded_lines": 0}, "missing_lines": [], "excluded_lines": []}, "FragmentAnalyzer.compute_logrms": {"executed_lines": [112, 115, 116, 118], "summary": {"covered_lines": 4, "num_statements": 4, "percent_covered": 100.0, "percent_covered_display": "100", "missing_lines": 0, "excluded_lines": 0}, "missing_lines": [], "excluded_lines": []}, "FragmentAnalyzer.compute_ampvar": {"executed_lines": [123, 124], "summary": {"covered_lines": 2, "num_statements": 2, "percent_covered": 100.0, "percent_covered_display": "100", "missing_lines": 0, "excluded_lines": 0}, "missing_lines": [], "excluded_lines": []}, "FragmentAnalyzer.compute_logampvar": {"executed_lines": [129, 132, 135], "summary": {"covered_lines": 3, "num_statements": 4, "percent_covered": 75.0, "percent_covered_display": "75", "missing_lines": 1, "excluded_lines": 0}, "missing_lines": [133], "excluded_lines": []}, "FragmentAnalyzer.compute_psd": {"executed_lines": [147, 149, 150, 151, 153, 154, 156, 159, 168, 169], "summary": {"covered_lines": 10, "num_statements": 11, "percent_covered": 90.9090909090909, "percent_covered_display": "91", "missing_lines": 1, "excluded_lines": 0}, "missing_lines": [157], "excluded_lines": []}, "FragmentAnalyzer.compute_psdband": {"executed_lines": [183, 185, 186, 188, 189, 192, 194, 196, 197, 199], "summary": {"covered_lines": 10, "num_statements": 10, "percent_covered": 100.0, "percent_covered_display": "100", "missing_lines": 0, "excluded_lines": 0}, "missing_lines": [], "excluded_lines": []}, "FragmentAnalyzer.compute_logpsdband": {"executed_lines": [214, 218, 219, 221, 224], "summary": {"covered_lines": 5, "num_statements": 5, "percent_covered": 100.0, "percent_covered_display": "100", "missing_lines": 0, "excluded_lines": 0}, "missing_lines": [], "excluded_lines": []}, "FragmentAnalyzer.compute_psdtotal": {"executed_lines": [238, 240, 241, 243, 244, 247, 248], "summary": {"covered_lines": 7, "num_statements": 7, "percent_covered": 100.0, "percent_covered_display": "100", "missing_lines": 0, "excluded_lines": 0}, "missing_lines": [], "excluded_lines": []}, "FragmentAnalyzer.compute_logpsdtotal": {"executed_lines": [263, 267, 270], "summary": {"covered_lines": 3, "num_statements": 4, "percent_covered": 75.0, "percent_covered_display": "75", "missing_lines": 1, "excluded_lines": 0}, "missing_lines": [268], "excluded_lines": []}, "FragmentAnalyzer.compute_psdfrac": {"executed_lines": [289, 291, 292, 294, 295, 297], "summary": {"covered_lines": 6, "num_statements": 6, "percent_covered": 100.0, "percent_covered_display": "100", "missing_lines": 0, "excluded_lines": 0}, "missing_lines": [], "excluded_lines": []}, "FragmentAnalyzer.compute_logpsdfrac": {"executed_lines": [312, 314, 315, 317, 321], "summary": {"covered_lines": 5, "num_statements": 5, "percent_covered": 100.0, "percent_covered_display": "100", "missing_lines": 0, "excluded_lines": 0}, "missing_lines": [], "excluded_lines": []}, "FragmentAnalyzer.compute_psdslope": {"executed_lines": [335, 337, 340, 342, 343, 344, 345, 348, 349, 350, 351, 352], "summary": {"covered_lines": 12, "num_statements": 13, "percent_covered": 92.3076923076923, "percent_covered_display": "92", "missing_lines": 1, "excluded_lines": 0}, "missing_lines": [338], "excluded_lines": []}, "FragmentAnalyzer._get_freqs_cycles": {"executed_lines": [367, 369, 370, 376, 378, 379, 380, 381, 382, 383, 384, 385, 386, 388], "summary": {"covered_lines": 14, "num_statements": 14, "percent_covered": 100.0, "percent_covered_display": "100", "missing_lines": 0, "excluded_lines": 0}, "missing_lines": [], "excluded_lines": []}, "FragmentAnalyzer.compute_coherency": {"executed_lines": [404, 406, 407, 408, 410, 420, 422, 423, 438, 439, 443, 444, 446, 448, 449, 453, 455, 457, 458, 460, 462, 463], "summary": {"covered_lines": 22, "num_statements": 25, "percent_covered": 88.0, "percent_covered_display": "88", "missing_lines": 3, "excluded_lines": 0}, "missing_lines": [421, 450, 451], "excluded_lines": []}, "FragmentAnalyzer.compute_cohere": {"executed_lines": [473, 474, 477, 478], "summary": {"covered_lines": 4, "num_statements": 5, "percent_covered": 80.0, "percent_covered_display": "80", "missing_lines": 1, "excluded_lines": 0}, "missing_lines": [475], "excluded_lines": []}, "FragmentAnalyzer.compute_zcohere": {"executed_lines": [492, 494, 497, 498, 499, 500], "summary": {"covered_lines": 6, "num_statements": 7, "percent_covered": 85.71428571428571, "percent_covered_display": "86", "missing_lines": 1, "excluded_lines": 0}, "missing_lines": [495], "excluded_lines": []}, "FragmentAnalyzer.compute_imcoh": {"executed_lines": [507, 508, 511, 512], "summary": {"covered_lines": 4, "num_statements": 5, "percent_covered": 80.0, "percent_covered_display": "80", "missing_lines": 1, "excluded_lines": 0}, "missing_lines": [509], "excluded_lines": []}, "FragmentAnalyzer.compute_zimcoh": {"executed_lines": [519, 520, 523, 524, 525, 526], "summary": {"covered_lines": 6, "num_statements": 7, "percent_covered": 85.71428571428571, "percent_covered_display": "86", "missing_lines": 1, "excluded_lines": 0}, "missing_lines": [521], "excluded_lines": []}, "FragmentAnalyzer.compute_pcorr": {"executed_lines": [531, 533, 534, 536, 537, 538, 539, 541], "summary": {"covered_lines": 8, "num_statements": 8, "percent_covered": 100.0, "percent_covered_display": "100", "missing_lines": 0, "excluded_lines": 0}, "missing_lines": [], "excluded_lines": []}, "FragmentAnalyzer.compute_zpcorr": {"executed_lines": [555, 557, 561, 562, 563, 564], "summary": {"covered_lines": 6, "num_statements": 7, "percent_covered": 85.71428571428571, "percent_covered_display": "86", "missing_lines": 1, "excluded_lines": 0}, "missing_lines": [558], "excluded_lines": []}, "FragmentAnalyzer.compute_nspike": {"executed_lines": [569], "summary": {"covered_lines": 1, "num_statements": 1, "percent_covered": 100.0, "percent_covered_display": "100", "missing_lines": 0, "excluded_lines": 0}, "missing_lines": [], "excluded_lines": []}, "FragmentAnalyzer.compute_lognspike": {"executed_lines": [576, 579, 580], "summary": {"covered_lines": 3, "num_statements": 4, "percent_covered": 75.0, "percent_covered_display": "75", "missing_lines": 1, "excluded_lines": 0}, "missing_lines": [577], "excluded_lines": []}, "FragmentAnalyzer.process_fragment_with_dependencies": {"executed_lines": [663, 664, 667, 668, 669, 673], "summary": {"covered_lines": 6, "num_statements": 6, "percent_covered": 100.0, "percent_covered_display": "100", "missing_lines": 0, "excluded_lines": 0}, "missing_lines": [], "excluded_lines": []}, "FragmentAnalyzer._resolve_feature_dependencies": {"executed_lines": [697, 701, 702, 705, 706, 707, 708, 711, 712, 715, 716, 719, 720, 723, 724], "summary": {"covered_lines": 15, "num_statements": 16, "percent_covered": 93.75, "percent_covered_display": "94", "missing_lines": 1, "excluded_lines": 0}, "missing_lines": [698], "excluded_lines": []}, "": {"executed_lines": [1, 2, 4, 6, 7, 10, 11, 15, 16, 17, 19, 20, 23, 24, 29, 51, 52, 76, 77, 84, 85, 94, 95, 101, 102, 109, 110, 120, 121, 126, 127, 137, 138, 171, 172, 201, 202, 226, 227, 250, 251, 276, 277, 299, 300, 323, 324, 354, 355, 390, 391, 465, 466, 480, 481, 502, 503, 514, 515, 528, 529, 543, 544, 566, 567, 571, 572, 643, 644, 675, 676], "summary": {"covered_lines": 70, "num_statements": 70, "percent_covered": 100.0, "percent_covered_display": "100", "missing_lines": 0, "excluded_lines": 5}, "missing_lines": [], "excluded_lines": [8, 9, 12, 13, 14]}}, "classes": {"FragmentAnalyzer": {"executed_lines": [61, 67, 68, 69, 70, 71, 74, 79, 80, 81, 82, 87, 88, 89, 90, 91, 92, 97, 98, 99, 104, 105, 107, 112, 115, 116, 118, 123, 124, 129, 132, 135, 147, 149, 150, 151, 153, 154, 156, 159, 168, 169, 183, 185, 186, 188, 189, 192, 194, 196, 197, 199, 214, 218, 219, 221, 224, 238, 240, 241, 243, 244, 247, 248, 263, 267, 270, 289, 291, 292, 294, 295, 297, 312, 314, 315, 317, 321, 335, 337, 340, 342, 343, 344, 345, 348, 349, 350, 351, 352, 367, 369, 370, 376, 378, 379, 380, 381, 382, 383, 384, 385, 386, 388, 404, 406, 407, 408, 410, 420, 422, 423, 438, 439, 443, 444, 446, 448, 449, 453, 455, 457, 458, 460, 462, 463, 473, 474, 477, 478, 492, 494, 497, 498, 499, 500, 507, 508, 511, 512, 519, 520, 523, 524, 525, 526, 531, 533, 534, 536, 537, 538, 539, 541, 555, 557, 561, 562, 563, 564, 569, 576, 579, 580, 663, 664, 667, 668, 669, 673, 697, 701, 702, 705, 706, 707, 708, 711, 712, 715, 716, 719, 720, 723, 724], "summary": {"covered_lines": 185, "num_statements": 200, "percent_covered": 92.5, "percent_covered_display": "92", "missing_lines": 15, "excluded_lines": 0}, "missing_lines": [73, 133, 157, 268, 338, 421, 450, 451, 475, 495, 509, 521, 558, 577, 698], "excluded_lines": []}, "": {"executed_lines": [1, 2, 4, 6, 7, 10, 11, 15, 16, 17, 19, 20, 23, 24, 29, 51, 52, 76, 77, 84, 85, 94, 95, 101, 102, 109, 110, 120, 121, 126, 127, 137, 138, 171, 172, 201, 202, 226, 227, 250, 251, 276, 277, 299, 300, 323, 324, 354, 355, 390, 391, 465, 466, 480, 481, 502, 503, 514, 515, 528, 529, 543, 544, 566, 567, 571, 572, 643, 644, 675, 676], "summary": {"covered_lines": 70, "num_statements": 70, "percent_covered": 100.0, "percent_covered_display": "100", "missing_lines": 0, "excluded_lines": 5}, "missing_lines": [], "excluded_lines": [8, 9, 12, 13, 14]}}}, "src/neurodent/core/core.py": {"executed_lines": [1, 2, 3, 4, 5, 6, 7, 8, 9, 10, 11, 12, 14, 15, 20, 21, 22, 24, 25, 26, 27, 28, 36, 37, 38, 40, 41, 57, 58, 88, 114, 115, 117, 121, 122, 123, 124, 127, 128, 131, 132, 133, 135, 136, 138, 139, 143, 145, 148, 149, 153, 154, 155, 156, 157, 158, 159, 160, 162, 163, 165, 167, 168, 169, 170, 171, 173, 175, 177, 188, 189, 191, 193, 203, 205, 206, 208, 209, 211, 212, 215, 218, 219, 220, 222, 224, 229, 230, 231, 237, 238, 244, 245, 250, 253, 256, 260, 261, 263, 265, 267, 268, 271, 273, 276, 288, 290, 294, 295, 306, 307, 308, 309, 310, 311, 312, 313, 314, 315, 318, 320, 321, 323, 324, 325, 327, 328, 330, 331, 334, 336, 338, 340, 343, 409, 446, 449, 452, 453, 454, 455, 456, 458, 459, 460, 462, 465, 466, 511, 528, 530, 532, 533, 534, 536, 537, 540, 541, 543, 544, 545, 546, 550, 551, 552, 553, 555, 556, 557, 558, 559, 560, 561, 562, 564, 565, 566, 568, 569, 571, 572, 580, 581, 594, 595, 596, 597, 598, 599, 600, 602, 603, 604, 605, 607, 610, 611, 613, 616, 618, 627, 628, 629, 631, 632, 634, 636, 637, 638, 639, 640, 641, 643, 644, 645, 647, 648, 668, 669, 674, 676, 677, 678, 680, 681, 682, 684, 718, 719, 722, 723, 725, 727, 728, 729, 735, 736, 738, 744, 745, 746, 747, 749, 750, 751, 758, 764, 767, 769, 776, 778, 782, 783, 785, 787, 790, 792, 794, 797, 798, 800, 807, 808, 811, 812, 813, 814, 819, 820, 822, 825, 831, 832, 833, 840, 841, 843, 844, 846, 855, 857, 858, 859, 862, 864, 865, 867, 868, 870, 932, 938, 945, 947, 950, 955, 959, 961, 980, 983, 984, 985, 986, 989, 992, 995, 996, 1006, 1008, 1009, 1012, 1013, 1016, 1020, 1022, 1023, 1024, 1027, 1028, 1029, 1049, 1051, 1052, 1053, 1054, 1056, 1058, 1069, 1070, 1071, 1075, 1079, 1082, 1085, 1088, 1090, 1099, 1102, 1103, 1107, 1112, 1115, 1122, 1123, 1124, 1125, 1163, 1164, 1166, 1168, 1169, 1179, 1180, 1181, 1182, 1183, 1184, 1186, 1187, 1193, 1194, 1196, 1198, 1209, 1215, 1220, 1221, 1222, 1224, 1227, 1228, 1236, 1237, 1239, 1240, 1243, 1244, 1245, 1251, 1252, 1254, 1255, 1265, 1266, 1267, 1271, 1289, 1290, 1296, 1297, 1299, 1301, 1302, 1303, 1306, 1307, 1309, 1336, 1337, 1339, 1340, 1343, 1344, 1346, 1348, 1349, 1350, 1351, 1352, 1354, 1357, 1358, 1361, 1362, 1363, 1365, 1366, 1367, 1372, 1373, 1374, 1379, 1380, 1381, 1383, 1384, 1385, 1386, 1388, 1390, 1391, 1396, 1399, 1400, 1403, 1413, 1414, 1417, 1418, 1419, 1422, 1423, 1428, 1429, 1430, 1431, 1434, 1435, 1437, 1439, 1441, 1466, 1467, 1469, 1470, 1472, 1475, 1478, 1479, 1480, 1482, 1483, 1484, 1486, 1488, 1498, 1499, 1500, 1502, 1504, 1505, 1506, 1507, 1509, 1510, 1512, 1513, 1515, 1516, 1517, 1519, 1520, 1521, 1523, 1537, 1541, 1551, 1552, 1553, 1556, 1558, 1564, 1570, 1572, 1574, 1580, 1582, 1592, 1607, 1615, 1616, 1617, 1618, 1624, 1625, 1627, 1636, 1637, 1638, 1640, 1641, 1642, 1644, 1645, 1646, 1647, 1648, 1649, 1652, 1653, 1654, 1659, 1660, 1661, 1665, 1666, 1668, 1669, 1670, 1671, 1672, 1674, 1684, 1690, 1695, 1696, 1699, 1703, 1716, 1718, 1719, 1720, 1724, 1734, 1735, 1736, 1738, 1743, 1744, 1750, 1765, 1766, 1768, 1770, 1771, 1776, 1778, 1784, 1787, 1789, 1793, 1795, 1796, 1797, 1798, 1799, 1800, 1803, 1804, 1805, 1806, 1807, 1808, 1809, 1810, 1812, 1821, 1822, 1824, 1826, 1828, 1829, 1831, 1832, 1833, 1838, 1839, 1845, 1847, 1848, 1851, 1855, 1856, 1857, 1862, 1870, 1874, 1884, 1888, 1892, 1895, 1896, 1898, 1899, 1901, 1903, 1906, 1907, 1908, 1910, 1916, 1917, 1918, 1921, 1923, 1924, 1926, 1930, 1931, 1932, 1934, 1935, 1937, 1943, 1966, 1969, 1970, 1981, 1982, 1983, 1984, 1985, 1989, 1994, 1995, 1998, 2000, 2001, 2002, 2003, 2004, 2008, 2009, 2012, 2015, 2018, 2019, 2022, 2025, 2030, 2033, 2035, 2036, 2039, 2041, 2046, 2052, 2053, 2055, 2056, 2058, 2071, 2075, 2079, 2088, 2091, 2096, 2098, 2100, 2110, 2116, 2117, 2123, 2124, 2132, 2134, 2137, 2143, 2144, 2147, 2153, 2160, 2161, 2162, 2163, 2168, 2176, 2177, 2178, 2179, 2184, 2186], "summary": {"covered_lines": 687, "num_statements": 864, "percent_covered": 79.51388888888889, "percent_covered_display": "80", "missing_lines": 177, "excluded_lines": 10}, "missing_lines": [125, 172, 289, 359, 360, 363, 367, 368, 379, 380, 381, 382, 383, 384, 385, 386, 387, 388, 391, 393, 394, 396, 397, 398, 400, 401, 404, 406, 642, 679, 720, 730, 752, 765, 779, 801, 802, 803, 804, 805, 815, 816, 817, 818, 821, 837, 838, 883, 884, 885, 886, 887, 888, 889, 890, 891, 892, 894, 896, 899, 900, 905, 906, 907, 910, 911, 912, 915, 923, 924, 926, 930, 939, 940, 941, 942, 943, 951, 952, 998, 999, 1000, 1001, 1002, 1003, 1018, 1032, 1033, 1035, 1038, 1039, 1041, 1044, 1047, 1080, 1116, 1117, 1126, 1128, 1129, 1133, 1135, 1138, 1140, 1141, 1142, 1143, 1145, 1147, 1148, 1150, 1153, 1161, 1190, 1210, 1216, 1217, 1218, 1246, 1248, 1249, 1273, 1274, 1275, 1276, 1277, 1278, 1279, 1281, 1282, 1283, 1284, 1285, 1286, 1287, 1291, 1294, 1304, 1305, 1589, 1590, 1612, 1619, 1620, 1621, 1676, 1677, 1678, 1682, 1691, 1709, 1710, 1714, 1745, 1849, 1863, 1864, 1867, 1885, 1893, 1904, 1933, 1967, 1986, 1987, 2005, 2006, 2031, 2072, 2080, 2084, 2085, 2111, 2118, 2125, 2133, 2135], "excluded_lines": [16, 19, 29, 32, 33, 34, 35, 2186, 2187, 2188], "functions": {"RecordingMetadata.__init__": {"executed_lines": [114, 115, 117], "summary": {"covered_lines": 3, "num_statements": 3, "percent_covered": 100.0, "percent_covered_display": "100", "missing_lines": 0, "excluded_lines": 0}, "missing_lines": [], "excluded_lines": []}, "RecordingMetadata._init_from_path": {"executed_lines": [122, 123, 124, 127, 128, 131, 132, 133, 135, 136, 138, 139, 143], "summary": {"covered_lines": 13, "num_statements": 14, "percent_covered": 92.85714285714286, "percent_covered_display": "93", "missing_lines": 1, "excluded_lines": 0}, "missing_lines": [125], "excluded_lines": []}, "RecordingMetadata._init_from_params": {"executed_lines": [148, 149, 153, 154, 155, 156, 157, 158, 159, 160, 162, 163, 165], "summary": {"covered_lines": 13, "num_statements": 13, "percent_covered": 100.0, "percent_covered_display": "100", "missing_lines": 0, "excluded_lines": 0}, "missing_lines": [], "excluded_lines": []}, "RecordingMetadata.__getsinglecolval": {"executed_lines": [168, 169, 170, 171, 173], "summary": {"covered_lines": 5, "num_statements": 6, "percent_covered": 83.33333333333333, "percent_covered_display": "83", "missing_lines": 1, "excluded_lines": 0}, "missing_lines": [172], "excluded_lines": []}, "RecordingMetadata.to_dict": {"executed_lines": [177], "summary": {"covered_lines": 1, "num_statements": 1, "percent_covered": 100.0, "percent_covered_display": "100", "missing_lines": 0, "excluded_lines": 0}, "missing_lines": [], "excluded_lines": []}, "RecordingMetadata.from_dict": {"executed_lines": [191, 193], "summary": {"covered_lines": 2, "num_statements": 2, "percent_covered": 100.0, "percent_covered_display": "100", "missing_lines": 0, "excluded_lines": 0}, "missing_lines": [], "excluded_lines": []}, "RecordingMetadata.to_json": {"executed_lines": [205, 206], "summary": {"covered_lines": 2, "num_statements": 2, "percent_covered": 100.0, "percent_covered_display": "100", "missing_lines": 0, "excluded_lines": 0}, "missing_lines": [], "excluded_lines": []}, "RecordingMetadata.from_json": {"executed_lines": [211, 212, 215, 218, 219, 220, 222], "summary": {"covered_lines": 7, "num_statements": 7, "percent_covered": 100.0, "percent_covered_display": "100", "missing_lines": 0, "excluded_lines": 0}, "missing_lines": [], "excluded_lines": []}, "RecordingMetadata.update_sampling_rate": {"executed_lines": [229, 230, 231], "summary": {"covered_lines": 3, "num_statements": 3, "percent_covered": 100.0, "percent_covered_display": "100", "missing_lines": 0, "excluded_lines": 0}, "missing_lines": [], "excluded_lines": []}, "DDFBinaryMetadata.__init__": {"executed_lines": [245, 250], "summary": {"covered_lines": 2, "num_statements": 2, "percent_covered": 100.0, "percent_covered_display": "100", "missing_lines": 0, "excluded_lines": 0}, "missing_lines": [], "excluded_lines": []}, "convert_ddfcolbin_to_ddfrowbin": {"executed_lines": [256, 260, 261, 263, 265, 267, 268, 271, 273], "summary": {"covered_lines": 9, "num_statements": 9, "percent_covered": 100.0, "percent_covered_display": "100", "missing_lines": 0, "excluded_lines": 0}, "missing_lines": [], "excluded_lines": []}, "convert_ddfrowbin_to_si": {"executed_lines": [288, 290, 294, 295, 306, 307, 308, 309, 310, 311, 312, 313, 314, 315, 318, 320, 321, 323, 324, 325, 327, 328, 330, 331, 334, 336, 338, 340], "summary": {"covered_lines": 28, "num_statements": 29, "percent_covered": 96.55172413793103, "percent_covered_display": "97", "missing_lines": 1, "excluded_lines": 0}, "missing_lines": [289], "excluded_lines": []}, "_convert_ddfrowbin_to_si_no_resample": {"executed_lines": [], "summary": {"covered_lines": 0, "num_statements": 25, "percent_covered": 0.0, "percent_covered_display": "0", "missing_lines": 25, "excluded_lines": 0}, "missing_lines": [359, 360, 363, 367, 368, 379, 380, 381, 382, 383, 384, 385, 386, 387, 388, 391, 393, 394, 396, 397, 398, 400, 401, 404, 406], "excluded_lines": []}, "split_recording": {"executed_lines": [446, 449, 452, 453, 454, 455, 456, 458, 459, 460, 462], "summary": {"covered_lines": 11, "num_statements": 11, "percent_covered": 100.0, "percent_covered_display": "100", "missing_lines": 0, "excluded_lines": 0}, "missing_lines": [], "excluded_lines": []}, "LongRecordingOrganizer.__init__": {"executed_lines": [528, 530, 532, 533, 534, 536, 537, 540, 541, 543, 544, 545, 546, 550, 551, 552, 553, 555, 556, 557, 558, 559, 560, 561, 562, 564, 565, 566, 568, 569, 571, 572], "summary": {"covered_lines": 32, "num_statements": 32, "percent_covered": 100.0, "percent_covered_display": "100", "missing_lines": 0, "excluded_lines": 0}, "missing_lines": [], "excluded_lines": []}, "LongRecordingOrganizer._extract_channel_names": {"executed_lines": [594, 595, 596, 597, 598, 599, 600, 602, 603, 604, 605], "summary": {"covered_lines": 11, "num_statements": 11, "percent_covered": 100.0, "percent_covered_display": "100", "missing_lines": 0, "excluded_lines": 0}, "missing_lines": [], "excluded_lines": []}, "LongRecordingOrganizer._init_from_recording": {"executed_lines": [610, 611, 613, 616, 618, 627, 628, 629], "summary": {"covered_lines": 8, "num_statements": 8, "percent_covered": 100.0, "percent_covered_display": "100", "missing_lines": 0, "excluded_lines": 0}, "missing_lines": [], "excluded_lines": []}, "LongRecordingOrganizer.display_name": {"executed_lines": [634, 636, 637, 638, 639, 640, 641, 643, 644, 645], "summary": {"covered_lines": 10, "num_statements": 11, "percent_covered": 90.9090909090909, "percent_covered_display": "91", "missing_lines": 1, "excluded_lines": 0}, "missing_lines": [642], "excluded_lines": []}, "LongRecordingOrganizer._resolve_func_path": {"executed_lines": [668, 669, 674, 676, 677, 678, 680, 681, 682], "summary": {"covered_lines": 9, "num_statements": 10, "percent_covered": 90.0, "percent_covered_display": "90", "missing_lines": 1, "excluded_lines": 0}, "missing_lines": [679], "excluded_lines": []}, "LongRecordingOrganizer.detect_and_load_data": {"executed_lines": [718, 719, 722, 723, 725, 727, 728, 729, 735, 736, 738, 744, 745, 746, 747, 749, 750, 751, 758, 764, 767], "summary": {"covered_lines": 21, "num_statements": 25, "percent_covered": 84.0, "percent_covered_display": "84", "missing_lines": 4, "excluded_lines": 0}, "missing_lines": [720, 730, 752, 765], "excluded_lines": []}, "LongRecordingOrganizer.convert_file_with_si_to_recording": {"executed_lines": [776, 778, 782, 783, 785, 787, 790, 792, 794, 797, 798, 800, 807, 808, 811, 812, 813, 814, 819, 820, 822, 825, 831, 832, 833, 840, 841, 843, 844, 846, 855, 857, 858, 859, 862, 864, 865, 867, 868], "summary": {"covered_lines": 39, "num_statements": 52, "percent_covered": 75.0, "percent_covered_display": "75", "missing_lines": 13, "excluded_lines": 0}, "missing_lines": [779, 801, 802, 803, 804, 805, 815, 816, 817, 818, 821, 837, 838], "excluded_lines": []}, "LongRecordingOrganizer._load_and_process_mne_data": {"executed_lines": [], "summary": {"covered_lines": 0, "num_statements": 25, "percent_covered": 0.0, "percent_covered_display": "0", "missing_lines": 25, "excluded_lines": 0}, "missing_lines": [883, 884, 885, 886, 887, 888, 889, 890, 891, 892, 894, 896, 899, 900, 905, 906, 907, 910, 911, 912, 915, 923, 924, 926, 930], "excluded_lines": []}, "LongRecordingOrganizer._load_mne_data_no_resample": {"executed_lines": [938, 945, 947, 950, 955, 959], "summary": {"covered_lines": 6, "num_statements": 13, "percent_covered": 46.15384615384615, "percent_covered_display": "46", "missing_lines": 7, "excluded_lines": 0}, "missing_lines": [939, 940, 941, 942, 943, 951, 952], "excluded_lines": []}, "LongRecordingOrganizer._get_or_create_intermediate_file": {"executed_lines": [980, 983, 984, 985, 986, 989, 992, 995, 996, 1006, 1008, 1009, 1012, 1013, 1016, 1020, 1022, 1023, 1024, 1027, 1028, 1029, 1049, 1051, 1052, 1053, 1054, 1056, 1058, 1069, 1070, 1071, 1075, 1079, 1082, 1085, 1088, 1090, 1099, 1102, 1103, 1107, 1112, 1115, 1122, 1123, 1124, 1125, 1163, 1164, 1166, 1168, 1169, 1179, 1180, 1181, 1182, 1183, 1184, 1186, 1187, 1193, 1194, 1196], "summary": {"covered_lines": 64, "num_statements": 99, "percent_covered": 64.64646464646465, "percent_covered_display": "65", "missing_lines": 35, "excluded_lines": 0}, "missing_lines": [998, 999, 1000, 1001, 1002, 1003, 1018, 1032, 1033, 1035, 1038, 1039, 1041, 1044, 1047, 1080, 1116, 1117, 1126, 1128, 1129, 1133, 1135, 1138, 1140, 1141, 1142, 1143, 1145, 1147, 1148, 1150, 1153, 1161, 1190], "excluded_lines": []}, "LongRecordingOrganizer.convert_file_with_mne_to_recording": {"executed_lines": [1209, 1215, 1220, 1221, 1222, 1224, 1227, 1228, 1236, 1237, 1239, 1240, 1243, 1244, 1245, 1251, 1252, 1254, 1255, 1265, 1266, 1267, 1271, 1289, 1290, 1296, 1297, 1299], "summary": {"covered_lines": 28, "num_statements": 51, "percent_covered": 54.90196078431372, "percent_covered_display": "55", "missing_lines": 23, "excluded_lines": 0}, "missing_lines": [1210, 1216, 1217, 1218, 1246, 1248, 1249, 1273, 1274, 1275, 1276, 1277, 1278, 1279, 1281, 1282, 1283, 1284, 1285, 1286, 1287, 1291, 1294], "excluded_lines": []}, "LongRecordingOrganizer.cleanup_rec": {"executed_lines": [1302, 1303, 1306, 1307], "summary": {"covered_lines": 4, "num_statements": 6, "percent_covered": 66.66666666666667, "percent_covered_display": "67", "missing_lines": 2, "excluded_lines": 0}, "missing_lines": [1304, 1305], "excluded_lines": []}, "LongRecordingOrganizer.split": {"executed_lines": [1336, 1337, 1339, 1340, 1343, 1344, 1346, 1348, 1349, 1350, 1351, 1352, 1354, 1357, 1358, 1361, 1362, 1363, 1365, 1366, 1367, 1372, 1373, 1374, 1379, 1380, 1381, 1383, 1384, 1385, 1386, 1388, 1390, 1391, 1396, 1399, 1400, 1403, 1413, 1414, 1417, 1418, 1419, 1422, 1423, 1428, 1429, 1430, 1431, 1434, 1435, 1437, 1439], "summary": {"covered_lines": 53, "num_statements": 53, "percent_covered": 100.0, "percent_covered_display": "100", "missing_lines": 0, "excluded_lines": 0}, "missing_lines": [], "excluded_lines": []}, "LongRecordingOrganizer.persist": {"executed_lines": [1466, 1467, 1469, 1470, 1472, 1475, 1478, 1479, 1480, 1482, 1483, 1484, 1486, 1488, 1498, 1499, 1500, 1502], "summary": {"covered_lines": 18, "num_statements": 18, "percent_covered": 100.0, "percent_covered_display": "100", "missing_lines": 0, "excluded_lines": 0}, "missing_lines": [], "excluded_lines": []}, "LongRecordingOrganizer.get_num_fragments": {"executed_lines": [1505, 1506, 1507], "summary": {"covered_lines": 3, "num_statements": 3, "percent_covered": 100.0, "percent_covered_display": "100", "missing_lines": 0, "excluded_lines": 0}, "missing_lines": [], "excluded_lines": []}, "LongRecordingOrganizer.__time_to_idx": {"executed_lines": [1510], "summary": {"covered_lines": 1, "num_statements": 1, "percent_covered": 100.0, "percent_covered_display": "100", "missing_lines": 0, "excluded_lines": 0}, "missing_lines": [], "excluded_lines": []}, "LongRecordingOrganizer.__idx_to_time": {"executed_lines": [1513], "summary": {"covered_lines": 1, "num_statements": 1, "percent_covered": 100.0, "percent_covered_display": "100", "missing_lines": 0, "excluded_lines": 0}, "missing_lines": [], "excluded_lines": []}, "LongRecordingOrganizer.get_fragment": {"executed_lines": [1516, 1517], "summary": {"covered_lines": 2, "num_statements": 2, "percent_covered": 100.0, "percent_covered_display": "100", "missing_lines": 0, "excluded_lines": 0}, "missing_lines": [], "excluded_lines": []}, "LongRecordingOrganizer.get_dur_fragment": {"executed_lines": [1520, 1521], "summary": {"covered_lines": 2, "num_statements": 2, "percent_covered": 100.0, "percent_covered_display": "100", "missing_lines": 0, "excluded_lines": 0}, "missing_lines": [], "excluded_lines": []}, "LongRecordingOrganizer.get_datetime_fragment": {"executed_lines": [1537], "summary": {"covered_lines": 1, "num_statements": 1, "percent_covered": 100.0, "percent_covered_display": "100", "missing_lines": 0, "excluded_lines": 0}, "missing_lines": [], "excluded_lines": []}, "LongRecordingOrganizer.__fragidx_to_startendind": {"executed_lines": [1551, 1552, 1553, 1556], "summary": {"covered_lines": 4, "num_statements": 4, "percent_covered": 100.0, "percent_covered_display": "100", "missing_lines": 0, "excluded_lines": 0}, "missing_lines": [], "excluded_lines": []}, "LongRecordingOrganizer.convert_to_mne": {"executed_lines": [1564, 1570, 1572, 1574, 1580], "summary": {"covered_lines": 5, "num_statements": 5, "percent_covered": 100.0, "percent_covered_display": "100", "missing_lines": 0, "excluded_lines": 0}, "missing_lines": [], "excluded_lines": []}, "LongRecordingOrganizer.save_to_edf": {"executed_lines": [], "summary": {"covered_lines": 0, "num_statements": 2, "percent_covered": 0.0, "percent_covered_display": "0", "missing_lines": 2, "excluded_lines": 0}, "missing_lines": [1589, 1590], "excluded_lines": []}, "LongRecordingOrganizer.compute_bad_channels": {"executed_lines": [1607, 1615, 1616, 1617, 1618, 1624, 1625], "summary": {"covered_lines": 7, "num_statements": 11, "percent_covered": 63.63636363636363, "percent_covered_display": "64", "missing_lines": 4, "excluded_lines": 0}, "missing_lines": [1612, 1619, 1620, 1621], "excluded_lines": []}, "LongRecordingOrganizer._compute_lof_scores": {"executed_lines": [1636, 1637, 1638, 1640, 1641, 1642, 1644, 1645, 1646, 1647, 1648, 1649, 1652, 1653, 1654, 1659, 1660, 1661, 1665, 1666, 1668, 1669, 1670, 1671, 1672, 1674], "summary": {"covered_lines": 26, "num_statements": 30, "percent_covered": 86.66666666666667, "percent_covered_display": "87", "missing_lines": 4, "excluded_lines": 0}, "missing_lines": [1676, 1677, 1678, 1682], "excluded_lines": []}, "LongRecordingOrganizer.apply_lof_threshold": {"executed_lines": [1690, 1695, 1696, 1699], "summary": {"covered_lines": 4, "num_statements": 5, "percent_covered": 80.0, "percent_covered_display": "80", "missing_lines": 1, "excluded_lines": 0}, "missing_lines": [1691], "excluded_lines": []}, "LongRecordingOrganizer.get_lof_scores": {"executed_lines": [], "summary": {"covered_lines": 0, "num_statements": 3, "percent_covered": 0.0, "percent_covered_display": "0", "missing_lines": 3, "excluded_lines": 0}, "missing_lines": [1709, 1710, 1714], "excluded_lines": []}, "LongRecordingOrganizer._validate_manual_time_params": {"executed_lines": [1718, 1719, 1720], "summary": {"covered_lines": 3, "num_statements": 3, "percent_covered": 100.0, "percent_covered_display": "100", "missing_lines": 0, "excluded_lines": 0}, "missing_lines": [], "excluded_lines": []}, "LongRecordingOrganizer._validate_timestamps_for_mode": {"executed_lines": [1734, 1735, 1736, 1738, 1743, 1744], "summary": {"covered_lines": 6, "num_statements": 7, "percent_covered": 85.71428571428571, "percent_covered_display": "86", "missing_lines": 1, "excluded_lines": 0}, "missing_lines": [1745], "excluded_lines": []}, "LongRecordingOrganizer._compute_manual_file_datetimes": {"executed_lines": [1765, 1766, 1768, 1770, 1771, 1776, 1778, 1784, 1787, 1789, 1793, 1795, 1796, 1797, 1798, 1799, 1800, 1803, 1804, 1805, 1806, 1807, 1808, 1809, 1810], "summary": {"covered_lines": 25, "num_statements": 25, "percent_covered": 100.0, "percent_covered_display": "100", "missing_lines": 0, "excluded_lines": 0}, "missing_lines": [], "excluded_lines": []}, "LongRecordingOrganizer._validate_file_contiguity": {"executed_lines": [1821, 1822, 1824, 1826, 1828, 1829, 1831, 1832, 1833, 1838, 1839], "summary": {"covered_lines": 11, "num_statements": 11, "percent_covered": 100.0, "percent_covered_display": "100", "missing_lines": 0, "excluded_lines": 0}, "missing_lines": [], "excluded_lines": []}, "LongRecordingOrganizer.finalize_file_timestamps": {"executed_lines": [1847, 1848, 1851, 1855, 1856, 1857, 1862, 1870], "summary": {"covered_lines": 8, "num_statements": 12, "percent_covered": 66.66666666666667, "percent_covered_display": "67", "missing_lines": 4, "excluded_lines": 0}, "missing_lines": [1849, 1863, 1864, 1867], "excluded_lines": []}, "LongRecordingOrganizer.get_date_string": {"executed_lines": [1884, 1888, 1892, 1895, 1896, 1898, 1899], "summary": {"covered_lines": 7, "num_statements": 9, "percent_covered": 77.77777777777777, "percent_covered_display": "78", "missing_lines": 2, "excluded_lines": 0}, "missing_lines": [1885, 1893], "excluded_lines": []}, "LongRecordingOrganizer.__str__": {"executed_lines": [1903, 1906, 1907, 1908, 1910, 1916, 1917, 1918, 1921, 1923, 1924, 1926, 1930, 1931, 1932, 1934, 1935, 1937], "summary": {"covered_lines": 18, "num_statements": 20, "percent_covered": 90.0, "percent_covered_display": "90", "missing_lines": 2, "excluded_lines": 0}, "missing_lines": [1904, 1933], "excluded_lines": []}, "LongRecordingOrganizer._apply_resampling": {"executed_lines": [1966, 1969, 1970, 1981, 1982, 1983, 1984, 1985, 1989, 1994, 1995, 1998, 2000, 2001, 2002, 2003, 2004, 2008, 2009, 2012, 2015, 2018, 2019, 2022, 2025, 2030, 2033, 2035, 2036, 2039, 2041, 2046, 2052, 2053, 2055, 2056], "summary": {"covered_lines": 36, "num_statements": 42, "percent_covered": 85.71428571428571, "percent_covered_display": "86", "missing_lines": 6, "excluded_lines": 0}, "missing_lines": [1967, 1986, 1987, 2005, 2006, 2031], "excluded_lines": []}, "LongRecordingOrganizer.merge": {"executed_lines": [2071, 2075, 2079, 2088, 2091, 2096, 2098], "summary": {"covered_lines": 7, "num_statements": 11, "percent_covered": 63.63636363636363, "percent_covered_display": "64", "missing_lines": 4, "excluded_lines": 0}, "missing_lines": [2072, 2080, 2084, 2085], "excluded_lines": []}, "LongRecordingOrganizer._validate_merge_compatibility": {"executed_lines": [2110, 2116, 2117, 2123, 2124, 2132, 2134], "summary": {"covered_lines": 7, "num_statements": 12, "percent_covered": 58.333333333333336, "percent_covered_display": "58", "missing_lines": 5, "excluded_lines": 0}, "missing_lines": [2111, 2118, 2125, 2133, 2135], "excluded_lines": []}, "LongRecordingOrganizer._update_metadata_after_merge": {"executed_lines": [2143, 2144, 2147, 2153, 2160, 2161, 2162, 2163, 2168, 2176, 2177, 2178, 2179, 2184], "summary": {"covered_lines": 14, "num_statements": 14, "percent_covered": 100.0, "percent_covered_display": "100", "missing_lines": 0, "excluded_lines": 0}, "missing_lines": [], "excluded_lines": []}, "LongRecordingOrganizer.__repr__": {"executed_lines": [], "summary": {"covered_lines": 0, "num_statements": 0, "percent_covered": 100.0, "percent_covered_display": "100", "missing_lines": 0, "excluded_lines": 2}, "missing_lines": [], "excluded_lines": [2187, 2188]}, "": {"executed_lines": [1, 2, 3, 4, 5, 6, 7, 8, 9, 10, 11, 12, 14, 15, 20, 21, 22, 24, 25, 26, 27, 28, 36, 37, 38, 40, 41, 57, 58, 88, 121, 145, 167, 175, 188, 189, 203, 208, 209, 224, 237, 238, 244, 253, 276, 343, 409, 465, 466, 511, 580, 581, 607, 631, 632, 647, 648, 684, 769, 870, 932, 961, 1198, 1301, 1309, 1441, 1504, 1509, 1512, 1515, 1519, 1523, 1541, 1558, 1582, 1592, 1627, 1684, 1703, 1716, 1724, 1750, 1812, 1845, 1874, 1901, 1943, 2058, 2100, 2137, 2186], "summary": {"covered_lines": 87, "num_statements": 87, "percent_covered": 100.0, "percent_covered_display": "100", "missing_lines": 0, "excluded_lines": 8}, "missing_lines": [], "excluded_lines": [16, 19, 29, 32, 33, 34, 35, 2186]}}, "classes": {"RecordingMetadata": {"executed_lines": [114, 115, 117, 122, 123, 124, 127, 128, 131, 132, 133, 135, 136, 138, 139, 143, 148, 149, 153, 154, 155, 156, 157, 158, 159, 160, 162, 163, 165, 168, 169, 170, 171, 173, 177, 191, 193, 205, 206, 211, 212, 215, 218, 219, 220, 222, 229, 230, 231], "summary": {"covered_lines": 49, "num_statements": 51, "percent_covered": 96.07843137254902, "percent_covered_display": "96", "missing_lines": 2, "excluded_lines": 0}, "missing_lines": [125, 172], "excluded_lines": []}, "DDFBinaryMetadata": {"executed_lines": [245, 250], "summary": {"covered_lines": 2, "num_statements": 2, "percent_covered": 100.0, "percent_covered_display": "100", "missing_lines": 0, "excluded_lines": 0}, "missing_lines": [], "excluded_lines": []}, "LongRecordingOrganizer": {"executed_lines": [528, 530, 532, 533, 534, 536, 537, 540, 541, 543, 544, 545, 546, 550, 551, 552, 553, 555, 556, 557, 558, 559, 560, 561, 562, 564, 565, 566, 568, 569, 571, 572, 594, 595, 596, 597, 598, 599, 600, 602, 603, 604, 605, 610, 611, 613, 616, 618, 627, 628, 629, 634, 636, 637, 638, 639, 640, 641, 643, 644, 645, 668, 669, 674, 676, 677, 678, 680, 681, 682, 718, 719, 722, 723, 725, 727, 728, 729, 735, 736, 738, 744, 745, 746, 747, 749, 750, 751, 758, 764, 767, 776, 778, 782, 783, 785, 787, 790, 792, 794, 797, 798, 800, 807, 808, 811, 812, 813, 814, 819, 820, 822, 825, 831, 832, 833, 840, 841, 843, 844, 846, 855, 857, 858, 859, 862, 864, 865, 867, 868, 938, 945, 947, 950, 955, 959, 980, 983, 984, 985, 986, 989, 992, 995, 996, 1006, 1008, 1009, 1012, 1013, 1016, 1020, 1022, 1023, 1024, 1027, 1028, 1029, 1049, 1051, 1052, 1053, 1054, 1056, 1058, 1069, 1070, 1071, 1075, 1079, 1082, 1085, 1088, 1090, 1099, 1102, 1103, 1107, 1112, 1115, 1122, 1123, 1124, 1125, 1163, 1164, 1166, 1168, 1169, 1179, 1180, 1181, 1182, 1183, 1184, 1186, 1187, 1193, 1194, 1196, 1209, 1215, 1220, 1221, 1222, 1224, 1227, 1228, 1236, 1237, 1239, 1240, 1243, 1244, 1245, 1251, 1252, 1254, 1255, 1265, 1266, 1267, 1271, 1289, 1290, 1296, 1297, 1299, 1302, 1303, 1306, 1307, 1336, 1337, 1339, 1340, 1343, 1344, 1346, 1348, 1349, 1350, 1351, 1352, 1354, 1357, 1358, 1361, 1362, 1363, 1365, 1366, 1367, 1372, 1373, 1374, 1379, 1380, 1381, 1383, 1384, 1385, 1386, 1388, 1390, 1391, 1396, 1399, 1400, 1403, 1413, 1414, 1417, 1418, 1419, 1422, 1423, 1428, 1429, 1430, 1431, 1434, 1435, 1437, 1439, 1466, 1467, 1469, 1470, 1472, 1475, 1478, 1479, 1480, 1482, 1483, 1484, 1486, 1488, 1498, 1499, 1500, 1502, 1505, 1506, 1507, 1510, 1513, 1516, 1517, 1520, 1521, 1537, 1551, 1552, 1553, 1556, 1564, 1570, 1572, 1574, 1580, 1607, 1615, 1616, 1617, 1618, 1624, 1625, 1636, 1637, 1638, 1640, 1641, 1642, 1644, 1645, 1646, 1647, 1648, 1649, 1652, 1653, 1654, 1659, 1660, 1661, 1665, 1666, 1668, 1669, 1670, 1671, 1672, 1674, 1690, 1695, 1696, 1699, 1718, 1719, 1720, 1734, 1735, 1736, 1738, 1743, 1744, 1765, 1766, 1768, 1770, 1771, 1776, 1778, 1784, 1787, 1789, 1793, 1795, 1796, 1797, 1798, 1799, 1800, 1803, 1804, 1805, 1806, 1807, 1808, 1809, 1810, 1821, 1822, 1824, 1826, 1828, 1829, 1831, 1832, 1833, 1838, 1839, 1847, 1848, 1851, 1855, 1856, 1857, 1862, 1870, 1884, 1888, 1892, 1895, 1896, 1898, 1899, 1903, 1906, 1907, 1908, 1910, 1916, 1917, 1918, 1921, 1923, 1924, 1926, 1930, 1931, 1932, 1934, 1935, 1937, 1966, 1969, 1970, 1981, 1982, 1983, 1984, 1985, 1989, 1994, 1995, 1998, 2000, 2001, 2002, 2003, 2004, 2008, 2009, 2012, 2015, 2018, 2019, 2022, 2025, 2030, 2033, 2035, 2036, 2039, 2041, 2046, 2052, 2053, 2055, 2056, 2071, 2075, 2079, 2088, 2091, 2096, 2098, 2110, 2116, 2117, 2123, 2124, 2132, 2134, 2143, 2144, 2147, 2153, 2160, 2161, 2162, 2163, 2168, 2176, 2177, 2178, 2179, 2184], "summary": {"covered_lines": 501, "num_statements": 650, "percent_covered": 77.07692307692308, "percent_covered_display": "77", "missing_lines": 149, "excluded_lines": 2}, "missing_lines": [642, 679, 720, 730, 752, 765, 779, 801, 802, 803, 804, 805, 815, 816, 817, 818, 821, 837, 838, 883, 884, 885, 886, 887, 888, 889, 890, 891, 892, 894, 896, 899, 900, 905, 906, 907, 910, 911, 912, 915, 923, 924, 926, 930, 939, 940, 941, 942, 943, 951, 952, 998, 999, 1000, 1001, 1002, 1003, 1018, 1032, 1033, 1035, 1038, 1039, 1041, 1044, 1047, 1080, 1116, 1117, 1126, 1128, 1129, 1133, 1135, 1138, 1140, 1141, 1142, 1143, 1145, 1147, 1148, 1150, 1153, 1161, 1190, 1210, 1216, 1217, 1218, 1246, 1248, 1249, 1273, 1274, 1275, 1276, 1277, 1278, 1279, 1281, 1282, 1283, 1284, 1285, 1286, 1287, 1291, 1294, 1304, 1305, 1589, 1590, 1612, 1619, 1620, 1621, 1676, 1677, 1678, 1682, 1691, 1709, 1710, 1714, 1745, 1849, 1863, 1864, 1867, 1885, 1893, 1904, 1933, 1967, 1986, 1987, 2005, 2006, 2031, 2072, 2080, 2084, 2085, 2111, 2118, 2125, 2133, 2135], "excluded_lines": [2187, 2188]}, "": {"executed_lines": [1, 2, 3, 4, 5, 6, 7, 8, 9, 10, 11, 12, 14, 15, 20, 21, 22, 24, 25, 26, 27, 28, 36, 37, 38, 40, 41, 57, 58, 88, 121, 145, 167, 175, 188, 189, 203, 208, 209, 224, 237, 238, 244, 253, 256, 260, 261, 263, 265, 267, 268, 271, 273, 276, 288, 290, 294, 295, 306, 307, 308, 309, 310, 311, 312, 313, 314, 315, 318, 320, 321, 323, 324, 325, 327, 328, 330, 331, 334, 336, 338, 340, 343, 409, 446, 449, 452, 453, 454, 455, 456, 458, 459, 460, 462, 465, 466, 511, 580, 581, 607, 631, 632, 647, 648, 684, 769, 870, 932, 961, 1198, 1301, 1309, 1441, 1504, 1509, 1512, 1515, 1519, 1523, 1541, 1558, 1582, 1592, 1627, 1684, 1703, 1716, 1724, 1750, 1812, 1845, 1874, 1901, 1943, 2058, 2100, 2137, 2186], "summary": {"covered_lines": 135, "num_statements": 161, "percent_covered": 83.85093167701864, "percent_covered_display": "84", "missing_lines": 26, "excluded_lines": 8}, "missing_lines": [289, 359, 360, 363, 367, 368, 379, 380, 381, 382, 383, 384, 385, 386, 387, 388, 391, 393, 394, 396, 397, 398, 400, 401, 404, 406], "excluded_lines": [16, 19, 29, 32, 33, 34, 35, 2186]}}}, "src/neurodent/core/discovery.py": {"executed_lines": [1, 2, 3, 4, 5, 6, 10, 16, 19, 20, 38, 39, 40, 41, 42, 44, 45, 46, 50, 57, 58, 59, 60, 68, 70, 71, 72, 74, 76, 77, 78, 79, 80, 82, 83, 85, 87, 89, 90, 91, 93, 95, 97, 98, 99, 100, 103, 104, 109, 110, 111, 114, 115, 117, 119, 129, 131, 132, 134, 136, 138, 139, 140, 141, 143, 144, 147, 148, 149, 151, 153, 163, 164, 168, 172, 174, 175, 176, 177, 182, 187, 188, 190, 198, 199, 200, 203, 204, 205, 206, 209, 210, 217, 218, 219, 220, 222, 224, 231, 232, 233, 234, 236, 239, 243, 245, 246, 247, 249, 251, 252, 253, 256, 257, 258, 262, 266, 267, 268, 270, 271, 274, 279, 280, 282, 283], "summary": {"covered_lines": 120, "num_statements": 125, "percent_covered": 96.0, "percent_covered_display": "96", "missing_lines": 5, "excluded_lines": 4}, "missing_lines": [64, 212, 259, 260, 263], "excluded_lines": [97, 98, 99, 100], "functions": {"_natural_sort_key": {"executed_lines": [16], "summary": {"covered_lines": 1, "num_statements": 1, "percent_covered": 100.0, "percent_covered_display": "100", "missing_lines": 0, "excluded_lines": 0}, "missing_lines": [], "excluded_lines": []}, "DiscoveredFile.__init__": {"executed_lines": [39, 40, 41, 42, 44, 45, 46], "summary": {"covered_lines": 7, "num_statements": 7, "percent_covered": 100.0, "percent_covered_display": "100", "missing_lines": 0, "excluded_lines": 0}, "missing_lines": [], "excluded_lines": []}, "DiscoveredFile.__fspath__": {"executed_lines": [57, 58, 59, 60], "summary": {"covered_lines": 4, "num_statements": 5, "percent_covered": 80.0, "percent_covered_display": "80", "missing_lines": 1, "excluded_lines": 0}, "missing_lines": [64], "excluded_lines": []}, "DiscoveredFile.__contains__": {"executed_lines": [70, 71, 72], "summary": {"covered_lines": 3, "num_statements": 3, "percent_covered": 100.0, "percent_covered_display": "100", "missing_lines": 0, "excluded_lines": 0}, "missing_lines": [], "excluded_lines": []}, "DiscoveredFile.__getitem__": {"executed_lines": [76, 77, 78, 79, 80], "summary": {"covered_lines": 5, "num_statements": 5, "percent_covered": 100.0, "percent_covered_display": "100", "missing_lines": 0, "excluded_lines": 0}, "missing_lines": [], "excluded_lines": []}, "DiscoveredFile.is_multi_file": {"executed_lines": [85], "summary": {"covered_lines": 1, "num_statements": 1, "percent_covered": 100.0, "percent_covered_display": "100", "missing_lines": 0, "excluded_lines": 0}, "missing_lines": [], "excluded_lines": []}, "DiscoveredFile.get_path_list": {"executed_lines": [89, 90, 91], "summary": {"covered_lines": 3, "num_statements": 3, "percent_covered": 100.0, "percent_covered_display": "100", "missing_lines": 0, "excluded_lines": 0}, "missing_lines": [], "excluded_lines": []}, "DiscoveredFile.__iter__": {"executed_lines": [95], "summary": {"covered_lines": 1, "num_statements": 1, "percent_covered": 100.0, "percent_covered_display": "100", "missing_lines": 0, "excluded_lines": 0}, "missing_lines": [], "excluded_lines": []}, "DiscoveredFile.__repr__": {"executed_lines": [98, 99, 100], "summary": {"covered_lines": 0, "num_statements": 0, "percent_covered": 100.0, "percent_covered_display": "100", "missing_lines": 0, "excluded_lines": 3}, "missing_lines": [], "excluded_lines": [98, 99, 100]}, "FileDiscoverer.__init__": {"executed_lines": [110, 111, 114, 115, 117], "summary": {"covered_lines": 5, "num_statements": 5, "percent_covered": 100.0, "percent_covered_display": "100", "missing_lines": 0, "excluded_lines": 0}, "missing_lines": [], "excluded_lines": []}, "FileDiscoverer._pattern_to_regex_and_glob": {"executed_lines": [129, 131, 132, 134, 136, 143, 144, 147, 148, 149, 151], "summary": {"covered_lines": 11, "num_statements": 11, "percent_covered": 100.0, "percent_covered_display": "100", "missing_lines": 0, "excluded_lines": 0}, "missing_lines": [], "excluded_lines": []}, "FileDiscoverer._pattern_to_regex_and_glob._escape_with_glob": {"executed_lines": [138, 139, 140, 141], "summary": {"covered_lines": 4, "num_statements": 4, "percent_covered": 100.0, "percent_covered_display": "100", "missing_lines": 0, "excluded_lines": 0}, "missing_lines": [], "excluded_lines": []}, "FileDiscoverer.discover": {"executed_lines": [163, 164, 168, 172, 174, 175, 176, 177, 182, 187, 188, 190, 198, 199, 200, 203, 204, 205, 206, 209, 210, 217, 218, 219, 220, 222], "summary": {"covered_lines": 26, "num_statements": 27, "percent_covered": 96.29629629629629, "percent_covered_display": "96", "missing_lines": 1, "excluded_lines": 0}, "missing_lines": [212], "excluded_lines": []}, "FileDiscoverer._discover_single": {"executed_lines": [231, 232, 233, 234, 236, 239, 243, 245, 246, 247, 249, 251, 252, 253, 256, 257, 258, 262, 266, 267, 268, 270, 271, 274, 279, 280, 282, 283], "summary": {"covered_lines": 28, "num_statements": 31, "percent_covered": 90.3225806451613, "percent_covered_display": "90", "missing_lines": 3, "excluded_lines": 0}, "missing_lines": [259, 260, 263], "excluded_lines": []}, "": {"executed_lines": [1, 2, 3, 4, 5, 6, 10, 19, 20, 38, 50, 68, 74, 82, 83, 87, 93, 97, 103, 104, 109, 119, 153, 224], "summary": {"covered_lines": 21, "num_statements": 21, "percent_covered": 100.0, "percent_covered_display": "100", "missing_lines": 0, "excluded_lines": 1}, "missing_lines": [], "excluded_lines": [97]}}, "classes": {"DiscoveredFile": {"executed_lines": [39, 40, 41, 42, 44, 45, 46, 57, 58, 59, 60, 70, 71, 72, 76, 77, 78, 79, 80, 85, 89, 90, 91, 95, 98, 99, 100], "summary": {"covered_lines": 24, "num_statements": 25, "percent_covered": 96.0, "percent_covered_display": "96", "missing_lines": 1, "excluded_lines": 3}, "missing_lines": [64], "excluded_lines": [98, 99, 100]}, "FileDiscoverer": {"executed_lines": [110, 111, 114, 115, 117, 129, 131, 132, 134, 136, 138, 139, 140, 141, 143, 144, 147, 148, 149, 151, 163, 164, 168, 172, 174, 175, 176, 177, 182, 187, 188, 190, 198, 199, 200, 203, 204, 205, 206, 209, 210, 217, 218, 219, 220, 222, 231, 232, 233, 234, 236, 239, 243, 245, 246, 247, 249, 251, 252, 253, 256, 257, 258, 262, 266, 267, 268, 270, 271, 274, 279, 280, 282, 283], "summary": {"covered_lines": 74, "num_statements": 78, "percent_covered": 94.87179487179488, "percent_covered_display": "95", "missing_lines": 4, "excluded_lines": 0}, "missing_lines": [212, 259, 260, 263], "excluded_lines": []}, "": {"executed_lines": [1, 2, 3, 4, 5, 6, 10, 16, 19, 20, 38, 50, 68, 74, 82, 83, 87, 93, 97, 103, 104, 109, 119, 153, 224], "summary": {"covered_lines": 22, "num_statements": 22, "percent_covered": 100.0, "percent_covered_display": "100", "missing_lines": 0, "excluded_lines": 1}, "missing_lines": [], "excluded_lines": [97]}}}, "src/neurodent/core/frequency_domain_spike_detection.py": {"executed_lines": [1, 12, 13, 14, 16, 17, 21, 22, 23, 25, 26, 28, 34, 35, 47, 63, 64, 84, 90, 91, 92, 94, 95, 96, 99, 104, 105, 107, 108, 109, 112, 113, 116, 119, 122, 123, 134, 135, 143, 147, 149, 150, 155, 156, 158, 161, 162, 170, 173, 174, 175, 176, 189, 195, 197, 198, 212, 217, 220, 223, 228, 231, 238, 243, 246, 255, 260, 263, 271, 275, 277, 278, 295, 296, 301, 302, 306, 309, 311, 314, 317, 321, 322, 324, 325, 326, 327, 328, 334, 337, 340, 343, 347, 349, 350, 352, 353, 355, 357, 358, 374, 377, 378, 381, 385, 386, 389, 390, 391, 397, 400, 403, 404, 406, 410, 411, 412, 414, 416, 417, 441, 442, 444, 445, 448, 451, 453, 455, 456, 457, 460, 461, 462, 463, 466, 469, 470, 473, 474, 475, 477, 478, 481, 484, 485, 486, 487, 488, 491, 492, 496, 501, 502, 506, 508, 510, 511, 528, 529, 531, 532, 533, 534, 537, 538, 539, 540, 542, 543, 544, 547, 548, 549, 550, 551, 552, 555, 556, 557, 558, 561, 563, 564, 565, 567, 569, 570, 582, 584, 585, 587, 590, 591, 599, 601, 602, 607, 609], "summary": {"covered_lines": 196, "num_statements": 203, "percent_covered": 96.55172413793103, "percent_covered_display": "97", "missing_lines": 7, "excluded_lines": 5}, "missing_lines": [85, 124, 125, 126, 133, 393, 407], "excluded_lines": [18, 19, 29, 30, 31], "functions": {"FrequencyDomainSpikeDetector.detect_spikes_recording": {"executed_lines": [84, 90, 91, 92, 94, 95, 96, 99, 104, 105, 107, 108, 109, 112, 113, 116, 119, 122, 123, 134, 135, 143, 147], "summary": {"covered_lines": 23, "num_statements": 28, "percent_covered": 82.14285714285714, "percent_covered_display": "82", "missing_lines": 5, "excluded_lines": 0}, "missing_lines": [85, 124, 125, 126, 133], "excluded_lines": []}, "FrequencyDomainSpikeDetector._apply_preprocessing": {"executed_lines": [155, 156, 158, 161, 162, 170, 173, 174, 175, 176, 189, 195], "summary": {"covered_lines": 12, "num_statements": 12, "percent_covered": 100.0, "percent_covered_display": "100", "missing_lines": 0, "excluded_lines": 0}, "missing_lines": [], "excluded_lines": []}, "FrequencyDomainSpikeDetector._detect_spikes_channel": {"executed_lines": [212, 217, 220, 223, 228, 231, 238, 243, 246, 255, 260, 263, 271, 275], "summary": {"covered_lines": 14, "num_statements": 14, "percent_covered": 100.0, "percent_covered_display": "100", "missing_lines": 0, "excluded_lines": 0}, "missing_lines": [], "excluded_lines": []}, "FrequencyDomainSpikeDetector._compute_stft_slices": {"executed_lines": [295, 296, 301, 302, 306, 309, 311, 314, 317, 321, 322, 324, 325, 326, 327, 328, 334, 337, 340, 343, 347, 349, 350], "summary": {"covered_lines": 23, "num_statements": 23, "percent_covered": 100.0, "percent_covered_display": "100", "missing_lines": 0, "excluded_lines": 0}, "missing_lines": [], "excluded_lines": []}, "FrequencyDomainSpikeDetector._sneo": {"executed_lines": [355], "summary": {"covered_lines": 1, "num_statements": 1, "percent_covered": 100.0, "percent_covered_display": "100", "missing_lines": 0, "excluded_lines": 0}, "missing_lines": [], "excluded_lines": []}, "FrequencyDomainSpikeDetector._apply_sneo_on_slices": {"executed_lines": [374, 377, 378, 381, 385, 386, 389, 390, 391, 397, 400, 403, 404, 406, 410, 411, 412, 414], "summary": {"covered_lines": 18, "num_statements": 20, "percent_covered": 90.0, "percent_covered_display": "90", "missing_lines": 2, "excluded_lines": 0}, "missing_lines": [393, 407], "excluded_lines": []}, "FrequencyDomainSpikeDetector._enforce_downward_and_refine_minimal": {"executed_lines": [441, 442, 444, 445, 448, 451, 453, 455, 456, 457, 460, 461, 462, 463, 466, 469, 470, 473, 474, 475, 477, 478, 481, 484, 485, 486, 487, 488, 491, 492, 496, 501, 502, 506, 508], "summary": {"covered_lines": 35, "num_statements": 35, "percent_covered": 100.0, "percent_covered_display": "100", "missing_lines": 0, "excluded_lines": 0}, "missing_lines": [], "excluded_lines": []}, "FrequencyDomainSpikeDetector._filter_close_spikes_by_min_local": {"executed_lines": [528, 529, 531, 532, 533, 534, 537, 538, 539, 540, 542, 543, 544, 547, 548, 549, 550, 551, 552, 555, 556, 557, 558, 561, 563, 564, 565, 567], "summary": {"covered_lines": 28, "num_statements": 28, "percent_covered": 100.0, "percent_covered_display": "100", "missing_lines": 0, "excluded_lines": 0}, "missing_lines": [], "excluded_lines": []}, "FrequencyDomainSpikeDetector._add_spike_annotations": {"executed_lines": [582, 584, 585, 587, 590, 591, 599, 601, 602, 607, 609], "summary": {"covered_lines": 11, "num_statements": 11, "percent_covered": 100.0, "percent_covered_display": "100", "missing_lines": 0, "excluded_lines": 0}, "missing_lines": [], "excluded_lines": []}, "": {"executed_lines": [1, 12, 13, 14, 16, 17, 21, 22, 23, 25, 26, 28, 34, 35, 47, 63, 64, 149, 150, 197, 198, 277, 278, 352, 353, 357, 358, 416, 417, 510, 511, 569, 570], "summary": {"covered_lines": 31, "num_statements": 31, "percent_covered": 100.0, "percent_covered_display": "100", "missing_lines": 0, "excluded_lines": 5}, "missing_lines": [], "excluded_lines": [18, 19, 29, 30, 31]}}, "classes": {"FrequencyDomainSpikeDetector": {"executed_lines": [84, 90, 91, 92, 94, 95, 96, 99, 104, 105, 107, 108, 109, 112, 113, 116, 119, 122, 123, 134, 135, 143, 147, 155, 156, 158, 161, 162, 170, 173, 174, 175, 176, 189, 195, 212, 217, 220, 223, 228, 231, 238, 243, 246, 255, 260, 263, 271, 275, 295, 296, 301, 302, 306, 309, 311, 314, 317, 321, 322, 324, 325, 326, 327, 328, 334, 337, 340, 343, 347, 349, 350, 355, 374, 377, 378, 381, 385, 386, 389, 390, 391, 397, 400, 403, 404, 406, 410, 411, 412, 414, 441, 442, 444, 445, 448, 451, 453, 455, 456, 457, 460, 461, 462, 463, 466, 469, 470, 473, 474, 475, 477, 478, 481, 484, 485, 486, 487, 488, 491, 492, 496, 501, 502, 506, 508, 528, 529, 531, 532, 533, 534, 537, 538, 539, 540, 542, 543, 544, 547, 548, 549, 550, 551, 552, 555, 556, 557, 558, 561, 563, 564, 565, 567, 582, 584, 585, 587, 590, 591, 599, 601, 602, 607, 609], "summary": {"covered_lines": 165, "num_statements": 172, "percent_covered": 95.93023255813954, "percent_covered_display": "96", "missing_lines": 7, "excluded_lines": 0}, "missing_lines": [85, 124, 125, 126, 133, 393, 407], "excluded_lines": []}, "": {"executed_lines": [1, 12, 13, 14, 16, 17, 21, 22, 23, 25, 26, 28, 34, 35, 47, 63, 64, 149, 150, 197, 198, 277, 278, 352, 353, 357, 358, 416, 417, 510, 511, 569, 570], "summary": {"covered_lines": 31, "num_statements": 31, "percent_covered": 100.0, "percent_covered_display": "100", "missing_lines": 0, "excluded_lines": 5}, "missing_lines": [], "excluded_lines": [18, 19, 29, 30, 31]}}}, "src/neurodent/core/metadata.py": {"executed_lines": [1, 7, 8, 10, 13, 28, 29, 31, 32, 34, 35, 36, 38, 40, 43, 45, 48, 49, 52, 66, 67, 69, 72, 86, 87, 88, 90, 93, 94, 95, 97, 98, 99, 100, 101, 103, 104, 105, 107, 108, 110, 111, 113, 114], "summary": {"covered_lines": 43, "num_statements": 45, "percent_covered": 95.55555555555556, "percent_covered_display": "96", "missing_lines": 2, "excluded_lines": 0}, "missing_lines": [44, 46], "excluded_lines": [], "functions": {"load_animal_metadata": {"executed_lines": [28, 29, 31, 32, 34, 35, 36, 38, 40, 43, 45, 48, 49], "summary": {"covered_lines": 13, "num_statements": 15, "percent_covered": 86.66666666666667, "percent_covered_display": "87", "missing_lines": 2, "excluded_lines": 0}, "missing_lines": [44, 46], "excluded_lines": []}, "resolve_metadata": {"executed_lines": [66, 67, 69], "summary": {"covered_lines": 3, "num_statements": 3, "percent_covered": 100.0, "percent_covered_display": "100", "missing_lines": 0, "excluded_lines": 0}, "missing_lines": [], "excluded_lines": []}, "enrich_metadata": {"executed_lines": [86, 87, 88, 90, 93, 94, 95, 97, 98, 99, 100, 101, 103, 104, 105, 107, 108, 110, 111, 113, 114], "summary": {"covered_lines": 21, "num_statements": 21, "percent_covered": 100.0, "percent_covered_display": "100", "missing_lines": 0, "excluded_lines": 0}, "missing_lines": [], "excluded_lines": []}, "": {"executed_lines": [1, 7, 8, 10, 13, 52, 72], "summary": {"covered_lines": 6, "num_statements": 6, "percent_covered": 100.0, "percent_covered_display": "100", "missing_lines": 0, "excluded_lines": 0}, "missing_lines": [], "excluded_lines": []}}, "classes": {"": {"executed_lines": [1, 7, 8, 10, 13, 28, 29, 31, 32, 34, 35, 36, 38, 40, 43, 45, 48, 49, 52, 66, 67, 69, 72, 86, 87, 88, 90, 93, 94, 95, 97, 98, 99, 100, 101, 103, 104, 105, 107, 108, 110, 111, 113, 114], "summary": {"covered_lines": 43, "num_statements": 45, "percent_covered": 95.55555555555556, "percent_covered_display": "96", "missing_lines": 2, "excluded_lines": 0}, "missing_lines": [44, 46], "excluded_lines": []}}}, "src/neurodent/core/utils.py": {"executed_lines": [1, 2, 3, 4, 5, 6, 7, 8, 9, 10, 11, 12, 14, 15, 16, 17, 18, 19, 21, 22, 23, 28, 31, 58, 60, 61, 63, 66, 80, 84, 85, 86, 89, 90, 92, 93, 94, 95, 97, 98, 99, 101, 102, 103, 106, 107, 109, 110, 111, 116, 117, 118, 124, 125, 129, 130, 131, 132, 133, 134, 137, 138, 141, 142, 143, 144, 145, 146, 147, 148, 149, 170, 172, 173, 174, 175, 176, 177, 178, 179, 185, 186, 187, 188, 194, 195, 198, 213, 214, 215, 218, 248, 249, 251, 252, 253, 255, 256, 259, 280, 281, 282, 285, 286, 287, 289, 290, 291, 292, 293, 294, 297, 314, 315, 316, 317, 319, 322, 346, 347, 348, 351, 352, 355, 356, 357, 358, 359, 360, 361, 364, 367, 368, 369, 370, 371, 373, 376, 404, 405, 408, 412, 413, 416, 455, 460, 461, 462, 467, 468, 469, 471, 479, 487, 511, 514, 549, 554, 555, 556, 557, 558, 559, 560, 561, 562, 563, 564, 565, 566, 568, 569, 570, 572, 575, 624, 629, 630, 631, 632, 635, 636, 637, 638, 639, 640, 641, 642, 645, 646, 647, 649, 652, 653, 654, 655, 658, 666, 668, 669, 670, 671, 672, 673, 675, 677, 678, 679, 680, 681, 683, 684, 685, 686, 687, 688, 690, 706, 709, 720, 722, 723, 724, 725, 726, 728, 729, 730, 731, 732, 733, 734, 735, 738, 739, 740, 747, 748, 749, 750, 751, 755, 758, 768, 769, 770, 771, 772, 775, 803, 804, 805, 807, 808, 809, 810, 811, 812, 813, 818, 820, 821, 825, 826, 827, 828, 832, 834, 836, 839, 855, 862, 863, 864, 871, 873, 874, 875, 876, 883, 884, 887, 905, 906, 907, 908, 909, 912, 927, 930, 996, 998, 999, 1001, 1004, 1008, 1011, 1015, 1018, 1019, 1042, 1043, 1045, 1046, 1047, 1048, 1050, 1051, 1052, 1053, 1056, 1092, 1093, 1094, 1095, 1096, 1100, 1101, 1104, 1113, 1114, 1116, 1119, 1140, 1141, 1142, 1143, 1145, 1146, 1148, 1149, 1150, 1152, 1153, 1155, 1156, 1158, 1159, 1162, 1163, 1165, 1166, 1171, 1173, 1175, 1181, 1184, 1185, 1192, 1204, 1205, 1206, 1207, 1208, 1209, 1211, 1218, 1219, 1220, 1221, 1222, 1223, 1224, 1225, 1226, 1228, 1235, 1237, 1245, 1246, 1247, 1248, 1249, 1251, 1258, 1259, 1260, 1261, 1262, 1264, 1276, 1277, 1279, 1290, 1291, 1292, 1293, 1295, 1296, 1297, 1298, 1299, 1300, 1301, 1302, 1303, 1304, 1305, 1307, 1308, 1309, 1310, 1311, 1313, 1314, 1317, 1318, 1344, 1355, 1356, 1358, 1359, 1361, 1365, 1367, 1384, 1385, 1386, 1388, 1391, 1394, 1408, 1409, 1411, 1412, 1413, 1415, 1416, 1419, 1420, 1421, 1424, 1425, 1426, 1428, 1429, 1433, 1436, 1460, 1461, 1463, 1464, 1465, 1466, 1467, 1468, 1469, 1470, 1471, 1472, 1473, 1476, 1478, 1479, 1480, 1481, 1482, 1483, 1485, 1486, 1488, 1491, 1493, 1495, 1496, 1498, 1501, 1522, 1523, 1524, 1525, 1526, 1527, 1529, 1532], "summary": {"covered_lines": 472, "num_statements": 537, "percent_covered": 87.89571694599627, "percent_covered_display": "88", "missing_lines": 65, "excluded_lines": 3}, "missing_lines": [81, 82, 135, 150, 151, 152, 153, 156, 164, 165, 166, 167, 181, 182, 189, 190, 191, 409, 463, 464, 466, 472, 473, 474, 476, 477, 478, 692, 693, 694, 695, 696, 697, 698, 699, 700, 701, 702, 703, 704, 752, 753, 955, 956, 957, 958, 960, 961, 964, 966, 969, 970, 982, 985, 986, 987, 989, 990, 991, 993, 1097, 1098, 1533, 1534, 1535], "excluded_lines": [24, 25, 26], "functions": {"convert_units_to_multiplier": {"executed_lines": [58, 60, 61, 63], "summary": {"covered_lines": 4, "num_statements": 4, "percent_covered": 100.0, "percent_covered_display": "100", "missing_lines": 0, "excluded_lines": 0}, "missing_lines": [], "excluded_lines": []}, "extract_mne_unit_info": {"executed_lines": [80, 84, 85, 86, 89, 90, 92, 93, 94, 95, 97, 98, 99, 101, 102, 103, 106, 107, 109, 110, 111, 116, 117, 118, 124, 125, 129, 130, 131, 132, 133, 134, 137, 138, 141, 142, 143, 144, 145, 146, 147, 148, 149, 170, 172, 173, 174, 175, 176, 177, 178, 179, 185, 186, 187, 188, 194, 195], "summary": {"covered_lines": 58, "num_statements": 75, "percent_covered": 77.33333333333333, "percent_covered_display": "77", "missing_lines": 17, "excluded_lines": 0}, "missing_lines": [81, 82, 135, 150, 151, 152, 153, 156, 164, 165, 166, 167, 181, 182, 189, 190, 191], "excluded_lines": []}, "is_day": {"executed_lines": [213, 214, 215], "summary": {"covered_lines": 3, "num_statements": 3, "percent_covered": 100.0, "percent_covered_display": "100", "missing_lines": 0, "excluded_lines": 0}, "missing_lines": [], "excluded_lines": []}, "convert_colpath_to_rowpath": {"executed_lines": [248, 249, 251, 252, 253, 255, 256], "summary": {"covered_lines": 7, "num_statements": 7, "percent_covered": 100.0, "percent_covered_display": "100", "missing_lines": 0, "excluded_lines": 0}, "missing_lines": [], "excluded_lines": []}, "filepath_to_index": {"executed_lines": [280, 281, 282, 285, 286, 287, 289, 290, 291, 292, 293, 294], "summary": {"covered_lines": 12, "num_statements": 12, "percent_covered": 100.0, "percent_covered_display": "100", "missing_lines": 0, "excluded_lines": 0}, "missing_lines": [], "excluded_lines": []}, "parse_truncate": {"executed_lines": [314, 315, 316, 317, 319], "summary": {"covered_lines": 5, "num_statements": 5, "percent_covered": 
[...]
, 3987, 3988, 3990, 3992, 3993, 3994, 3995, 3996, 4007, 4008, 4016, 4017, 4018, 4019, 4020], "summary": {"covered_lines": 48, "num_statements": 60, "percent_covered": 80.0, "percent_covered_display": "80", "missing_lines": 12, "excluded_lines": 0}, "missing_lines": [3965, 3979, 3981, 3999, 4002, 4003, 4004, 4005, 4009, 4010, 4013, 4014], "excluded_lines": []}, "WindowAnalysisResult.aggregate_time_windows": {"executed_lines": [4035, 4037, 4041, 4046, 4047, 4048, 4050, 4052, 4054, 4055, 4057, 4058, 4059, 4060, 4061, 4066, 4068, 4069, 4071, 4074, 4075, 4077, 4078, 4082, 4092, 4096, 4097, 4098], "summary": {"covered_lines": 28, "num_statements": 35, "percent_covered": 80.0, "percent_covered_display": "80", "missing_lines": 7, "excluded_lines": 0}, "missing_lines": [4036, 4038, 4042, 4053, 4062, 4063, 4072], "excluded_lines": []}, "WindowAnalysisResult.add_unique_hash": {"executed_lines": [], "summary": {"covered_lines": 0, "num_statements": 9, "percent_covered": 0.0, "percent_covered_display": "0", "missing_lines": 9, "excluded_lines": 0}, "missing_lines": [4106, 4108, 4109, 4111, 4112, 4113, 4114, 4117, 4119], "excluded_lines": []}, "bin_spike_times": {"executed_lines": [4135, 4138, 4140], "summary": {"covered_lines": 3, "num_statements": 3, "percent_covered": 100.0, "percent_covered_display": "100", "missing_lines": 0, "excluded_lines": 0}, "missing_lines": [], "excluded_lines": []}, "_bin_spike_df": {"executed_lines": [4147, 4148, 4149, 4150, 4151], "summary": {"covered_lines": 5, "num_statements": 5, "percent_covered": 100.0, "percent_covered_display": "100", "missing_lines": 0, "excluded_lines": 0}, "missing_lines": [], "excluded_lines": []}, "": {"executed_lines": [1, 2, 3, 4, 5, 6, 7, 8, 9, 10, 11, 12, 13, 14, 16, 19, 20, 21, 22, 23, 24, 25, 26, 27, 28, 31, 32, 33, 34, 35, 38, 39, 71, 72, 124, 143, 260, 273, 284, 285, 295, 346, 363, 373, 544, 660, 758, 797, 813, 821, 874, 875, 946, 1033, 1043, 1049, 1053, 1072, 1103, 1117, 1128, 1307, 1388, 1395, 1436, 1448, 1449, 1609, 1610, 1684, 1685, 1711, 1810, 1849, 1850, 1872, 1897, 1900, 1920, 1921, 1949, 2039, 2154, 2214, 2260, 2318, 2335, 2359, 2397, 2408, 2421, 2543, 2602, 2724, 2813, 2835, 2858, 2878, 2909, 2999, 3089, 3127, 3145, 3255, 3274, 3286, 3298, 3310, 3322, 3339, 3393, 3485, 3557, 3625, 3626, 3632, 3643, 3644, 3672, 3673, 3701, 3729, 3751, 3908, 3909, 4022, 4100, 4122, 4143], "summary": {"covered_lines": 126, "num_statements": 127, "percent_covered": 99.21259842519684, "percent_covered_display": "99", "missing_lines": 1, "excluded_lines": 0}, "missing_lines": [17], "excluded_lines": []}}, "classes": {"AnimalFeatureParser": {"executed_lines": [42, 43, 44, 46, 47, 49, 50, 51, 52, 54, 55, 56, 57, 68], "summary": {"covered_lines": 14, "num_statements": 18, "percent_covered": 77.77777777777777, "percent_covered_display": "78", "missing_lines": 4, "excluded_lines": 0}, "missing_lines": [59, 60, 61, 64], "excluded_lines": []}, "AnimalOrganizer": {"executed_lines": [131, 134, 135, 136, 139, 140, 141, 153, 154, 155, 156, 157, 158, 159, 162, 163, 164, 165, 172, 174, 176, 177, 178, 180, 182, 183, 185, 187, 188, 189, 192, 193, 195, 196, 198, 199, 200, 202, 203, 205, 206, 208, 209, 211, 212, 215, 216, 219, 221, 222, 224, 226, 232, 234, 235, 237, 238, 239, 241, 243, 248, 250, 252, 254, 255, 258, 262, 264, 265, 266, 267, 268, 269, 270, 271, 275, 277, 278, 279, 280, 281, 282, 287, 289, 290, 291, 292, 293, 310, 311, 313, 317, 319, 320, 323, 325, 326, 327, 330, 332, 333, 334, 337, 342, 380, 381, 383, 388, 390, 391, 392, 397, 398, 399, 400, 423, 424, 428, 429, 449, 450, 451, 452, 453, 454, 458, 460, 474, 475, 476, 478, 480, 481, 482, 487, 488, 518, 519, 521, 522, 523, 524, 525, 526, 530, 531, 532, 533, 534, 535, 536, 538, 539, 542, 547, 548, 549, 550, 552, 553, 554, 555, 557, 558, 561, 565, 569, 570, 573, 574, 575, 576, 577, 580, 582, 583, 587, 588, 592, 593, 596, 597, 598, 599, 602, 605, 611, 612, 621, 622, 623, 624, 629, 630, 632, 634, 635, 638, 649, 650, 651, 652, 653, 654, 655, 658, 662, 663, 664, 665, 667, 668, 669, 670, 671, 676, 677, 678, 679, 680, 681, 682, 683, 687, 688, 689, 690, 695, 697, 700, 701, 702, 704, 705, 706, 707, 710, 713, 715, 717, 718, 719, 720, 721, 726, 727, 728, 729, 731, 732, 736, 737, 738, 739, 741, 742, 746, 748, 750, 761, 763, 766, 767, 768, 769, 770, 775, 781, 782, 783, 784, 788, 792, 793, 795, 799, 800, 801, 802, 805, 806, 808, 809, 810, 811, 815, 816, 817, 818, 819, 825, 830, 831, 832, 833, 834, 835, 840, 845, 847, 870, 872, 892, 895, 897, 898, 900, 901, 902, 908, 910, 911, 913, 914, 920, 921, 938, 941, 944, 965, 970, 971, 973, 974, 975, 978, 979, 980, 983, 984, 985, 986, 987, 992, 1003, 1004, 1009, 1010, 1011, 1014, 1015, 1023, 1028, 1029, 1031, 1060, 1061, 1066, 1069, 1070, 1123, 1154, 1156, 1157, 1158, 1159, 1162, 1168, 1169, 1170, 1171, 1233, 1234, 1235, 1236, 1241, 1247, 1249, 1250, 1251, 1253, 1254, 1256, 1257, 1260, 1261, 1262, 1263, 1267, 1276, 1277, 1282, 1285, 1286, 1291, 1292, 1294, 1305, 1328, 1330, 1332, 1335, 1337, 1338, 1340, 1342, 1352, 1368, 1371, 1372, 1381, 1383, 1386, 1391, 1392, 1393, 1398, 1401, 1402, 1404, 1405, 1407, 1408, 1409, 1411, 1412, 1413, 1414, 1415, 1417, 1418, 1419, 1423, 1424, 1425, 1426, 1427, 1428, 1430, 1431, 1432, 1434, 1439, 1440, 1441, 1442, 1443, 1446, 1493, 1494, 1497, 1500, 1501, 1502, 1503, 1506, 1508, 1509, 1510, 1511, 1512, 1517, 1518, 1519, 1522, 1523, 1525, 1526, 1527, 1529, 1531, 1532, 1533, 1534, 1537, 1543, 1544, 1547, 1548, 1549, 1551, 1552, 1553, 1554, 1555, 1557, 1563, 1564, 1565, 1570, 1571, 1572, 1577, 1580, 1594, 1600, 1602, 1607, 1632, 1633, 1635, 1636, 1639, 1640, 1641, 1642, 1643, 1644, 1645, 1646, 1648, 1649, 1651, 1653, 1654, 1655, 1656, 1658, 1659, 1660, 1661, 1667, 1677, 1678, 1682, 1700, 1701, 1702, 1705, 1706, 1707, 1709, 1761, 1762, 1764, 1765, 1766, 1768, 1770, 1771, 1776, 1777, 1779, 1780, 1783, 1785, 1787, 1788, 1789, 1791, 1794, 1801, 1802, 1807], "summary": {"covered_lines": 544, "num_statements": 700, "percent_covered": 77.71428571428571, "percent_covered_display": "78", "missing_lines": 156, "excluded_lines": 0}, "missing_lines": [314, 315, 350, 351, 352, 353, 355, 356, 357, 359, 367, 368, 369, 370, 371, 393, 394, 395, 402, 403, 404, 405, 406, 407, 408, 411, 412, 413, 416, 418, 419, 421, 430, 431, 436, 437, 440, 441, 442, 443, 444, 445, 461, 462, 466, 467, 468, 469, 472, 477, 491, 492, 497, 498, 499, 500, 502, 503, 504, 509, 510, 513, 514, 562, 615, 644, 694, 751, 755, 756, 764, 786, 826, 828, 865, 866, 868, 893, 905, 906, 916, 917, 918, 926, 928, 930, 931, 936, 989, 990, 991, 996, 998, 999, 1000, 1020, 1021, 1036, 1039, 1046, 1047, 1050, 1051, 1082, 1085, 1086, 1089, 1092, 1097, 1098, 1109, 1110, 1112, 1163, 1166, 1173, 1175, 1176, 1177, 1181, 1182, 1183, 1186, 1189, 1191, 1192, 1196, 1198, 1199, 1202, 1203, 1208, 1216, 1219, 1220, 1221, 1223, 1224, 1225, 1229, 1230, 1231, 1268, 1272, 1376, 1377, 1378, 1420, 1421, 1445, 1581, 1586, 1637, 1668, 1669, 1674], "excluded_lines": []}, "WindowAnalysisResult": {"executed_lines": [1883, 1884, 1885, 1886, 1887, 1888, 1889, 1890, 1892, 1894, 1895, 1907, 1937, 1938, 1939, 1940, 1941, 1942, 1943, 1944, 1945, 1946, 1947, 1951, 1956, 1957, 1958, 1961, 1964, 1965, 1966, 1967, 1970, 1972, 1973, 1974, 1976, 1981, 1984, 1985, 1986, 1988, 1989, 1990, 1992, 1997, 2000, 2003, 2008, 2009, 2011, 2012, 2016, 2019, 2023, 2029, 2030, 2191, 2192, 2193, 2194, 2195, 2196, 2197, 2198, 2199, 2202, 2205, 2206, 2207, 2290, 2291, 2292, 2293, 2294, 2297, 2299, 2304, 2305, 2306, 2309, 2310, 2311, 2314, 2315, 2316, 2353, 2354, 2355, 2357, 2379, 2382, 2384, 2385, 2386, 2387, 2390, 2391, 2393, 2395, 2404, 2405, 2406, 2416, 2417, 2418, 2419, 2477, 2479, 2480, 2483, 2486, 2491, 2494, 2497, 2500, 2505, 2506, 2507, 2512, 2513, 2514, 2519, 2520, 2521, 2525, 2526, 2527, 2529, 2530, 2531, 2534, 2538, 2539, 2541, 2559, 2560, 2562, 2564, 2568, 2569, 2570, 2576, 2577, 2578, 2579, 2586, 2587, 2588, 2590, 2598, 2600, 2621, 2622, 2624, 2626, 2630, 2632, 2633, 2634, 2635, 2636, 2637, 2639, 2640, 2642, 2643, 2666, 2668, 2669, 2672, 2675, 2676, 2681, 2682, 2683, 2684, 2687, 2688, 2689, 2701, 2703, 2704, 2722, 2748, 2749, 2752, 2754, 2755, 2756, 2758, 2760, 2761, 2762, 2763, 2764, 2771, 2773, 2775, 2776, 2777, 2778, 2781, 2789, 2796, 2797, 2799, 2802, 2804, 2806, 2811, 2823, 2824, 2825, 2826, 2827, 2828, 2829, 2831, 2832, 2833, 2845, 2846, 2847, 2849, 2850, 2851, 2852, 2854, 2855, 2856, 2868, 2869, 2870, 2871, 2872, 2874, 2875, 2876, 2890, 2891, 2892, 2893, 2904, 2905, 2906, 2907, 2935, 2936, 2937, 2939, 2940, 2942, 2947, 2948, 2956, 2957, 2958, 2963, 2965, 2968, 2979, 2981, 2984, 2986, 2987, 2988, 2990, 2995, 2997, 3026, 3027, 3029, 3030, 3031, 3034, 3035, 3036, 3040, 3044, 3049, 3050, 3058, 3061, 3062, 3063, 3064, 3071, 3072, 3073, 3074, 3076, 3077, 3078, 3080, 3085, 3087, 3101, 3102, 3106, 3107, 3109, 3112, 3113, 3114, 3116, 3120, 3123, 3125, 3139, 3140, 3143, 3178, 3181, 3190, 3192, 3193, 3194, 3195, 3200, 3201, 3206, 3241, 3242, 3245, 3249, 3250, 3251, 3252, 3253, 3267, 3268, 3271, 3272, 3283, 3284, 3295, 3296, 3307, 3308, 3319, 3320, 3334, 3337, 3388, 3391, 3420, 3421, 3429, 3438, 3439, 3441, 3442, 3443, 3444, 3446, 3447, 3451, 3452, 3453, 3454, 3459, 3460, 3467, 3468, 3469, 3471, 3473, 3476, 3479, 3480, 3481, 3483, 3486, 3487, 3488, 3489, 3490, 3491, 3492, 3493, 3495, 3496, 3498, 3499, 3500, 3501, 3503, 3509, 3525, 3526, 3527, 3528, 3529, 3530, 3531, 3555, 3578, 3579, 3581, 3582, 3583, 3585, 3586, 3588, 3591, 3592, 3598, 3599, 3600, 3601, 3602, 3603, 3604, 3605, 3607, 3621, 3622, 3623, 3652, 3653, 3654, 3655, 3656, 3657, 3658, 3659, 3660, 3661, 3662, 3664, 3665, 3666, 3670, 3683, 3684, 3685, 3689, 3690, 3691, 3692, 3697, 3699, 3710, 3715, 3716, 3717, 3718, 3719, 3721, 3722, 3723, 3725, 3727, 3735, 3740, 3741, 3742, 3743, 3744, 3745, 3747, 3749, 3769, 3770, 3774, 3775, 3778, 3779, 3780, 3783, 3784, 3786, 3787, 3788, 3794, 3800, 3809, 3810, 3812, 3813, 3816, 3819, 3822, 3827, 3828, 3833, 3834, 3855, 3858, 3859, 3862, 3865, 3866, 3867, 3872, 3875, 3883, 3885, 3887, 3888, 3890, 3895, 3896, 3899, 3900, 3904, 3906, 3929, 3930, 3931, 3932, 3934, 3936, 3937, 3938, 3940, 3942, 3943, 3945, 3946, 3947, 3950, 3952, 3954, 3955, 3956, 3958, 3960, 3961, 3963, 3964, 3968, 3970, 3971, 3975, 3976, 3978, 3980, 3984, 3986, 3987, 3988, 3990, 3992, 3993, 3994, 3995, 3996, 4007, 4008, 4016, 4017, 4018, 4019, 4020, 4035, 4037, 4041, 4046, 4047, 4048, 4050, 4052, 4054, 4055, 4057, 4058, 4059, 4060, 4061, 4066, 4068, 4069, 4071, 4074, 4075, 4077, 4078, 4082, 4092, 4096, 4097, 4098], "summary": {"covered_lines": 584, "num_statements": 793, "percent_covered": 73.64438839848675, "percent_covered_display": "74", "missing_lines": 209, "excluded_lines": 0}, "missing_lines": [1898, 1952, 1953, 1991, 1993, 2034, 2035, 2054, 2055, 2056, 2060, 2062, 2063, 2065, 2066, 2067, 2071, 2072, 2074, 2075, 2076, 2077, 2079, 2081, 2085, 2086, 2087, 2089, 2090, 2091, 2093, 2095, 2096, 2097, 2099, 2101, 2102, 2106, 2109, 2110, 2111, 2112, 2113, 2117, 2118, 2120, 2122, 2123, 2124, 2128, 2129, 2130, 2132, 2137, 2141, 2142, 2144, 2145, 2146, 2148, 2149, 2150, 2152, 2208, 2209, 2210, 2211, 2212, 2241, 2242, 2244, 2245, 2247, 2248, 2249, 2250, 2251, 2252, 2253, 2254, 2255, 2256, 2257, 2258, 2300, 2320, 2321, 2322, 2323, 2326, 2329, 2333, 2565, 2580, 2583, 2584, 2589, 2592, 2595, 2627, 2645, 2649, 2656, 2659, 2670, 2685, 2691, 2696, 2710, 2716, 2750, 2782, 2786, 2787, 2791, 2794, 2800, 2808, 2809, 2894, 2895, 2896, 2897, 2898, 2900, 2960, 2994, 3037, 3042, 3066, 3084, 3110, 3207, 3208, 3211, 3214, 3218, 3219, 3224, 3225, 3227, 3231, 3234, 3236, 3462, 3504, 3505, 3506, 3507, 3513, 3516, 3519, 3520, 3521, 3522, 3523, 3533, 3534, 3535, 3536, 3537, 3538, 3539, 3540, 3541, 3542, 3544, 3545, 3546, 3547, 3548, 3549, 3552, 3686, 3693, 3694, 3695, 3711, 3736, 3804, 3829, 3965, 3979, 3981, 3999, 4002, 4003, 4004, 4005, 4009, 4010, 4013, 4014, 4036, 4038, 4042, 4053, 4062, 4063, 4072, 4106, 4108, 4109, 4111, 4112, 4113, 4114, 4117, 4119], "excluded_lines": []}, "WindowAnalysisResult._NumpyEncoder": {"executed_lines": [3633, 3634], "summary": {"covered_lines": 2, "num_statements": 9, "percent_covered": 22.22222222222222, "percent_covered_display": "22", "missing_lines": 7, "excluded_lines": 0}, "missing_lines": [3635, 3636, 3637, 3638, 3639, 3640, 3641], "excluded_lines": []}, "": {"executed_lines": [1, 2, 3, 4, 5, 6, 7, 8, 9, 10, 11, 12, 13, 14, 16, 19, 20, 21, 22, 23, 24, 25, 26, 27, 28, 31, 32, 33, 34, 35, 38, 39, 71, 72, 124, 143, 260, 273, 284, 285, 295, 346, 363, 373, 544, 660, 758, 797, 813, 821, 874, 875, 946, 1033, 1043, 1049, 1053, 1072, 1103, 1117, 1128, 1307, 1388, 1395, 1436, 1448, 1449, 1609, 1610, 1684, 1685, 1711, 1810, 1826, 1827, 1828, 1829, 1830, 1831, 1832, 1833, 1834, 1837, 1839, 1840, 1841, 1842, 1843, 1844, 1845, 1846, 1849, 1850, 1872, 1897, 1900, 1920, 1921, 1949, 2039, 2154, 2214, 2260, 2318, 2335, 2359, 2397, 2408, 2421, 2543, 2602, 2724, 2813, 2835, 2858, 2878, 2909, 2999, 3089, 3127, 3145, 3255, 3274, 3286, 3298, 3310, 3322, 3339, 3393, 3485, 3557, 3625, 3626, 3632, 3643, 3644, 3672, 3673, 3701, 3729, 3751, 3908, 3909, 4022, 4100, 4122, 4135, 4138, 4140, 4143, 4147, 4148, 4149, 4150, 4151], "summary": {"covered_lines": 152, "num_statements": 155, "percent_covered": 98.06451612903226, "percent_covered_display": "98", "missing_lines": 3, "excluded_lines": 0}, "missing_lines": [17, 1835, 1838], "excluded_lines": []}}}, "src/neurodent/workflow/__init__.py": {"executed_lines": [1, 14, 16], "summary": {"covered_lines": 2, "num_statements": 2, "percent_covered": 100.0, "percent_covered_display": "100", "missing_lines": 0, "excluded_lines": 0}, "missing_lines": [], "excluded_lines": [], "functions": {"": {"executed_lines": [1, 14, 16], "summary": {"covered_lines": 2, "num_statements": 2, "percent_covered": 100.0, "percent_covered_display": "100", "missing_lines": 0, "excluded_lines": 0}, "missing_lines": [], "excluded_lines": []}}, "classes": {"": {"executed_lines": [1, 14, 16], "summary": {"covered_lines": 2, "num_statements": 2, "percent_covered": 100.0, "percent_covered_display": "100", "missing_lines": 0, "excluded_lines": 0}, "missing_lines": [], "excluded_lines": []}}}, "src/neurodent/workflow/utils.py": {"executed_lines": [1, 7, 8, 9, 10, 11, 13, 17, 52, 53, 56, 57, 60, 67, 70, 81, 82, 85, 86, 87, 88, 89, 90, 93, 94, 97, 134, 137, 138, 140, 141, 146, 147, 148, 149, 151, 156, 158, 159, 161, 164, 222, 223, 224, 226, 229, 230, 233, 320, 323, 324, 326, 327, 329, 332, 333, 336, 337, 338, 340, 341, 342, 343, 344, 347, 348, 349, 350, 351, 354, 355, 356, 357, 358, 359, 360, 361, 364, 365, 366, 367, 368, 369, 371, 372, 374, 377, 378, 379, 380, 381, 382, 384, 385, 386, 387, 388, 389, 390, 392, 395, 460, 461, 462, 466, 469, 471, 472, 474, 475, 477, 480, 543, 544, 546, 548, 549, 550, 552, 553, 556, 557, 558, 559, 560, 564, 567, 569, 579, 606], "summary": {"covered_lines": 129, "num_statements": 154, "percent_covered": 83.76623376623377, "percent_covered_display": "84", "missing_lines": 25, "excluded_lines": 1}, "missing_lines": [14, 581, 582, 583, 584, 585, 586, 587, 588, 589, 590, 592, 593, 594, 595, 596, 597, 598, 599, 600, 601, 603, 614, 615, 616], "excluded_lines": [18], "functions": {"setup_snakemake_logging": {"executed_lines": [52, 53, 56, 57, 60, 67], "summary": {"covered_lines": 6, "num_statements": 6, "percent_covered": 100.0, "percent_covered_display": "100", "missing_lines": 0, "excluded_lines": 1}, "missing_lines": [], "excluded_lines": [18]}, "inject_config_aliases": {"executed_lines": [81, 82, 85, 86, 87, 88, 89, 90, 93, 94], "summary": {"covered_lines": 10, "num_statements": 10, "percent_covered": 100.0, "percent_covered_display": "100", "missing_lines": 0, "excluded_lines": 0}, "missing_lines": [], "excluded_lines": []}, "load_wars": {"executed_lines": [134, 137, 138, 140, 141, 146, 147, 148, 149, 151, 156, 158, 159, 161], "summary": {"covered_lines": 14, "num_statements": 14, "percent_covered": 100.0, "percent_covered_display": "100", "missing_lines": 0, "excluded_lines": 0}, "missing_lines": [], "excluded_lines": []}, "deep_merge_dict": {"executed_lines": [222, 223, 224, 226, 229, 230], "summary": {"covered_lines": 6, "num_statements": 6, "percent_covered": 100.0, "percent_covered_display": "100", "missing_lines": 0, "excluded_lines": 0}, "missing_lines": [], "excluded_lines": []}, "expand_animals_config": {"executed_lines": [320, 323, 324, 326, 327, 329, 332, 333, 336, 337, 338, 340, 341, 342, 343, 344, 347, 348, 349, 350, 351, 354, 355, 356, 357, 358, 359, 360, 361, 364, 365, 366, 367, 368, 369, 371, 372, 374, 377, 378, 379, 380, 381, 382, 384, 385, 386, 387, 388, 389, 390, 392], "summary": {"covered_lines": 52, "num_statements": 52, "percent_covered": 100.0, "percent_covered_display": "100", "missing_lines": 0, "excluded_lines": 0}, "missing_lines": [], "excluded_lines": []}, "resolve_animal_pattern": {"executed_lines": [460, 461, 462, 466, 469, 471, 474, 475, 477], "summary": {"covered_lines": 9, "num_statements": 9, "percent_covered": 100.0, "percent_covered_display": "100", "missing_lines": 0, "excluded_lines": 0}, "missing_lines": [], "excluded_lines": []}, "resolve_animal_pattern._resolve": {"executed_lines": [472], "summary": {"covered_lines": 1, "num_statements": 1, "percent_covered": 100.0, "percent_covered_display": "100", "missing_lines": 0, "excluded_lines": 0}, "missing_lines": [], "excluded_lines": []}, "apply_path_overrides": {"executed_lines": [543, 544, 546, 548, 549, 550, 552, 553, 556, 557, 558, 559, 560, 564, 567, 569], "summary": {"covered_lines": 16, "num_statements": 16, "percent_covered": 100.0, "percent_covered_display": "100", "missing_lines": 0, "excluded_lines": 0}, "missing_lines": [], "excluded_lines": []}, "format_config_value": {"executed_lines": [], "summary": {"covered_lines": 0, "num_statements": 21, "percent_covered": 0.0, "percent_covered_display": "0", "missing_lines": 21, "excluded_lines": 0}, "missing_lines": [581, 582, 583, 584, 585, 586, 587, 588, 589, 590, 592, 593, 594, 595, 596, 597, 598, 599, 600, 601, 603], "excluded_lines": []}, "increment_memory": {"executed_lines": [], "summary": {"covered_lines": 0, "num_statements": 2, "percent_covered": 0.0, "percent_covered_display": "0", "missing_lines": 2, "excluded_lines": 0}, "missing_lines": [614, 616], "excluded_lines": []}, "increment_memory.mem": {"executed_lines": [], "summary": {"covered_lines": 0, "num_statements": 1, "percent_covered": 0.0, "percent_covered_display": "0", "missing_lines": 1, "excluded_lines": 0}, "missing_lines": [615], "excluded_lines": []}, "": {"executed_lines": [1, 7, 8, 9, 10, 11, 13, 17, 70, 97, 164, 233, 395, 480, 579, 606], "summary": {"covered_lines": 15, "num_statements": 16, "percent_covered": 93.75, "percent_covered_display": "94", "missing_lines": 1, "excluded_lines": 0}, "missing_lines": [14], "excluded_lines": []}}, "classes": {"": {"executed_lines": [1, 7, 8, 9, 10, 11, 13, 17, 52, 53, 56, 57, 60, 67, 70, 81, 82, 85, 86, 87, 88, 89, 90, 93, 94, 97, 134, 137, 138, 140, 141, 146, 147, 148, 149, 151, 156, 158, 159, 161, 164, 222, 223, 224, 226, 229, 230, 233, 320, 323, 324, 326, 327, 329, 332, 333, 336, 337, 338, 340, 341, 342, 343, 344, 347, 348, 349, 350, 351, 354, 355, 356, 357, 358, 359, 360, 361, 364, 365, 366, 367, 368, 369, 371, 372, 374, 377, 378, 379, 380, 381, 382, 384, 385, 386, 387, 388, 389, 390, 392, 395, 460, 461, 462, 466, 469, 471, 472, 474, 475, 477, 480, 543, 544, 546, 548, 549, 550, 552, 553, 556, 557, 558, 559, 560, 564, 567, 569, 579, 606], "summary": {"covered_lines": 129, "num_statements": 154, "percent_covered": 83.76623376623377, "percent_covered_display": "84", "missing_lines": 25, "excluded_lines": 1}, "missing_lines": [14, 581, 582, 583, 584, 585, 586, 587, 588, 589, 590, 592, 593, 594, 595, 596, 597, 598, 599, 600, 601, 603, 614, 615, 616], "excluded_lines": [18]}}}}, "totals": {"covered_lines": 4333, "num_statements": 5482, "percent_covered": 79.04049616928128, "percent_covered_display": "79", "missing_lines": 1149, "excluded_lines": 42}}